CRITICAL - 2021-12-15 01:52:59 -->  route cannot be found while reverse-routing.
#0 C:\xampp\htdocs\suratci\system\HTTP\RedirectResponse.php(56): CodeIgniter\HTTP\Exceptions\HTTPException::forInvalidRedirectRoute('')
#1 C:\xampp\htdocs\suratci\system\Common.php(840): CodeIgniter\HTTP\RedirectResponse->route(false)
#2 C:\xampp\htdocs\suratci\app\Controllers\Login.php(51): redirect('http://localhos...')
#3 C:\xampp\htdocs\suratci\system\CodeIgniter.php(824): App\Controllers\Login->ceklogin()
#4 C:\xampp\htdocs\suratci\system\CodeIgniter.php(410): CodeIgniter\CodeIgniter->runController(Object(App\Controllers\Login))
#5 C:\xampp\htdocs\suratci\system\CodeIgniter.php(318): CodeIgniter\CodeIgniter->handleRequest(NULL, Object(Config\Cache), false)
#6 C:\xampp\htdocs\suratci\public\index.php(37): CodeIgniter\CodeIgniter->run()
#7 C:\xampp\htdocs\suratci\system\Commands\Server\rewrite.php(43): require_once('C:\\xampp\\htdocs...')
#8 {main}
ERROR - 2021-12-15 19:36:46 --> Cookie object with name "nama" and prefix "" was not found in the collection.
ERROR - 2021-12-15 19:36:47 --> Cookie object with name "nama" and prefix "" was not found in the collection.
CRITICAL - 2021-12-15 19:36:58 --> Method name must be a string
#0 C:\xampp\htdocs\suratci\system\CodeIgniter.php(824): App\Controllers\Home->cekcookie()
#1 C:\xampp\htdocs\suratci\system\CodeIgniter.php(410): CodeIgniter\CodeIgniter->runController(Object(App\Controllers\Home))
#2 C:\xampp\htdocs\suratci\system\CodeIgniter.php(318): CodeIgniter\CodeIgniter->handleRequest(NULL, Object(Config\Cache), false)
#3 C:\xampp\htdocs\suratci\public\index.php(37): CodeIgniter\CodeIgniter->run()
#4 C:\xampp\htdocs\suratci\system\Commands\Server\rewrite.php(43): require_once('C:\\xampp\\htdocs...')
#5 {main}
CRITICAL - 2021-12-15 19:37:08 --> Method name must be a string
#0 C:\xampp\htdocs\suratci\system\CodeIgniter.php(824): App\Controllers\Home->cekcookie()
#1 C:\xampp\htdocs\suratci\system\CodeIgniter.php(410): CodeIgniter\CodeIgniter->runController(Object(App\Controllers\Home))
#2 C:\xampp\htdocs\suratci\system\CodeIgniter.php(318): CodeIgniter\CodeIgniter->handleRequest(NULL, Object(Config\Cache), false)
#3 C:\xampp\htdocs\suratci\public\index.php(37): CodeIgniter\CodeIgniter->run()
#4 C:\xampp\htdocs\suratci\system\Commands\Server\rewrite.php(43): require_once('C:\\xampp\\htdocs...')
#5 {main}
CRITICAL - 2021-12-15 19:37:46 --> Array callback has to contain indices 0 and 1
#0 C:\xampp\htdocs\suratci\system\CodeIgniter.php(824): App\Controllers\Home->cekcookie()
#1 C:\xampp\htdocs\suratci\system\CodeIgniter.php(410): CodeIgniter\CodeIgniter->runController(Object(App\Controllers\Home))
#2 C:\xampp\htdocs\suratci\system\CodeIgniter.php(318): CodeIgniter\CodeIgniter->handleRequest(NULL, Object(Config\Cache), false)
#3 C:\xampp\htdocs\suratci\public\index.php(37): CodeIgniter\CodeIgniter->run()
#4 C:\xampp\htdocs\suratci\system\Commands\Server\rewrite.php(43): require_once('C:\\xampp\\htdocs...')
#5 {main}
CRITICAL - 2021-12-15 19:42:24 --> Call to undefined function App\Controllers\delete_cookie()
#0 C:\xampp\htdocs\suratci\system\CodeIgniter.php(824): App\Controllers\Login->logout()
#1 C:\xampp\htdocs\suratci\system\CodeIgniter.php(410): CodeIgniter\CodeIgniter->runController(Object(App\Controllers\Login))
#2 C:\xampp\htdocs\suratci\system\CodeIgniter.php(318): CodeIgniter\CodeIgniter->handleRequest(NULL, Object(Config\Cache), false)
#3 C:\xampp\htdocs\suratci\public\index.php(37): CodeIgniter\CodeIgniter->run()
#4 C:\xampp\htdocs\suratci\system\Commands\Server\rewrite.php(43): require_once('C:\\xampp\\htdocs...')
#5 {main}
CRITICAL - 2021-12-15 19:48:55 --> Array callback has to contain indices 0 and 1
#0 C:\xampp\htdocs\suratci\system\CodeIgniter.php(824): App\Controllers\Home->cekcookie()
#1 C:\xampp\htdocs\suratci\system\CodeIgniter.php(410): CodeIgniter\CodeIgniter->runController(Object(App\Controllers\Home))
#2 C:\xampp\htdocs\suratci\system\CodeIgniter.php(318): CodeIgniter\CodeIgniter->handleRequest(NULL, Object(Config\Cache), false)
#3 C:\xampp\htdocs\suratci\public\index.php(37): CodeIgniter\CodeIgniter->run()
#4 C:\xampp\htdocs\suratci\system\Commands\Server\rewrite.php(43): require_once('C:\\xampp\\htdocs...')
#5 {main}
CRITICAL - 2021-12-15 19:49:05 --> Array callback has to contain indices 0 and 1
#0 C:\xampp\htdocs\suratci\system\CodeIgniter.php(824): App\Controllers\Home->cekcookie()
#1 C:\xampp\htdocs\suratci\system\CodeIgniter.php(410): CodeIgniter\CodeIgniter->runController(Object(App\Controllers\Home))
#2 C:\xampp\htdocs\suratci\system\CodeIgniter.php(318): CodeIgniter\CodeIgniter->handleRequest(NULL, Object(Config\Cache), false)
#3 C:\xampp\htdocs\suratci\public\index.php(37): CodeIgniter\CodeIgniter->run()
#4 C:\xampp\htdocs\suratci\system\Commands\Server\rewrite.php(43): require_once('C:\\xampp\\htdocs...')
#5 {main}
CRITICAL - 2021-12-15 19:49:12 --> Array callback has to contain indices 0 and 1
#0 C:\xampp\htdocs\suratci\system\CodeIgniter.php(824): App\Controllers\Home->cekcookie()
#1 C:\xampp\htdocs\suratci\system\CodeIgniter.php(410): CodeIgniter\CodeIgniter->runController(Object(App\Controllers\Home))
#2 C:\xampp\htdocs\suratci\system\CodeIgniter.php(318): CodeIgniter\CodeIgniter->handleRequest(NULL, Object(Config\Cache), false)
#3 C:\xampp\htdocs\suratci\public\index.php(37): CodeIgniter\CodeIgniter->run()
#4 C:\xampp\htdocs\suratci\system\Commands\Server\rewrite.php(43): require_once('C:\\xampp\\htdocs...')
#5 {main}
CRITICAL - 2021-12-15 19:49:22 --> Array callback has to contain indices 0 and 1
#0 C:\xampp\htdocs\suratci\system\CodeIgniter.php(824): App\Controllers\Home->cekcookie()
#1 C:\xampp\htdocs\suratci\system\CodeIgniter.php(410): CodeIgniter\CodeIgniter->runController(Object(App\Controllers\Home))
#2 C:\xampp\htdocs\suratci\system\CodeIgniter.php(318): CodeIgniter\CodeIgniter->handleRequest(NULL, Object(Config\Cache), false)
#3 C:\xampp\htdocs\suratci\public\index.php(37): CodeIgniter\CodeIgniter->run()
#4 C:\xampp\htdocs\suratci\system\Commands\Server\rewrite.php(43): require_once('C:\\xampp\\htdocs...')
#5 {main}
CRITICAL - 2021-12-15 19:49:33 --> Array callback has to contain indices 0 and 1
#0 C:\xampp\htdocs\suratci\system\CodeIgniter.php(824): App\Controllers\Home->cekcookie()
#1 C:\xampp\htdocs\suratci\system\CodeIgniter.php(410): CodeIgniter\CodeIgniter->runController(Object(App\Controllers\Home))
#2 C:\xampp\htdocs\suratci\system\CodeIgniter.php(318): CodeIgniter\CodeIgniter->handleRequest(NULL, Object(Config\Cache), false)
#3 C:\xampp\htdocs\suratci\public\index.php(37): CodeIgniter\CodeIgniter->run()
#4 C:\xampp\htdocs\suratci\system\Commands\Server\rewrite.php(43): require_once('C:\\xampp\\htdocs...')
#5 {main}
CRITICAL - 2021-12-15 19:49:45 --> Array callback has to contain indices 0 and 1
#0 C:\xampp\htdocs\suratci\system\CodeIgniter.php(824): App\Controllers\Home->cekcookie()
#1 C:\xampp\htdocs\suratci\system\CodeIgniter.php(410): CodeIgniter\CodeIgniter->runController(Object(App\Controllers\Home))
#2 C:\xampp\htdocs\suratci\system\CodeIgniter.php(318): CodeIgniter\CodeIgniter->handleRequest(NULL, Object(Config\Cache), false)
#3 C:\xampp\htdocs\suratci\public\index.php(37): CodeIgniter\CodeIgniter->run()
#4 C:\xampp\htdocs\suratci\system\Commands\Server\rewrite.php(43): require_once('C:\\xampp\\htdocs...')
#5 {main}
CRITICAL - 2021-12-15 19:50:27 --> Undefined array key "nama"
#0 C:\xampp\htdocs\suratci\app\Controllers\Home.php(39): CodeIgniter\Debug\Exceptions->errorHandler(2, 'Undefined array...', 'C:\\xampp\\htdocs...', 39)
#1 C:\xampp\htdocs\suratci\system\CodeIgniter.php(824): App\Controllers\Home->cekcookie()
#2 C:\xampp\htdocs\suratci\system\CodeIgniter.php(410): CodeIgniter\CodeIgniter->runController(Object(App\Controllers\Home))
#3 C:\xampp\htdocs\suratci\system\CodeIgniter.php(318): CodeIgniter\CodeIgniter->handleRequest(NULL, Object(Config\Cache), false)
#4 C:\xampp\htdocs\suratci\public\index.php(37): CodeIgniter\CodeIgniter->run()
#5 C:\xampp\htdocs\suratci\system\Commands\Server\rewrite.php(43): require_once('C:\\xampp\\htdocs...')
#6 {main}
CRITICAL - 2021-12-15 19:50:28 --> Undefined array key "nama"
#0 C:\xampp\htdocs\suratci\app\Controllers\Home.php(39): CodeIgniter\Debug\Exceptions->errorHandler(2, 'Undefined array...', 'C:\\xampp\\htdocs...', 39)
#1 C:\xampp\htdocs\suratci\system\CodeIgniter.php(824): App\Controllers\Home->cekcookie()
#2 C:\xampp\htdocs\suratci\system\CodeIgniter.php(410): CodeIgniter\CodeIgniter->runController(Object(App\Controllers\Home))
#3 C:\xampp\htdocs\suratci\system\CodeIgniter.php(318): CodeIgniter\CodeIgniter->handleRequest(NULL, Object(Config\Cache), false)
#4 C:\xampp\htdocs\suratci\public\index.php(37): CodeIgniter\CodeIgniter->run()
#5 C:\xampp\htdocs\suratci\system\Commands\Server\rewrite.php(43): require_once('C:\\xampp\\htdocs...')
#6 {main}
CRITICAL - 2021-12-15 19:50:33 --> Undefined array key "nama"
#0 C:\xampp\htdocs\suratci\app\Controllers\Home.php(39): CodeIgniter\Debug\Exceptions->errorHandler(2, 'Undefined array...', 'C:\\xampp\\htdocs...', 39)
#1 C:\xampp\htdocs\suratci\system\CodeIgniter.php(824): App\Controllers\Home->cekcookie()
#2 C:\xampp\htdocs\suratci\system\CodeIgniter.php(410): CodeIgniter\CodeIgniter->runController(Object(App\Controllers\Home))
#3 C:\xampp\htdocs\suratci\system\CodeIgniter.php(318): CodeIgniter\CodeIgniter->handleRequest(NULL, Object(Config\Cache), false)
#4 C:\xampp\htdocs\suratci\public\index.php(37): CodeIgniter\CodeIgniter->run()
#5 C:\xampp\htdocs\suratci\system\Commands\Server\rewrite.php(43): require_once('C:\\xampp\\htdocs...')
#6 {main}
CRITICAL - 2021-12-15 19:51:11 --> Undefined array key "nama"
#0 C:\xampp\htdocs\suratci\app\Controllers\Home.php(39): CodeIgniter\Debug\Exceptions->errorHandler(2, 'Undefined array...', 'C:\\xampp\\htdocs...', 39)
#1 C:\xampp\htdocs\suratci\system\CodeIgniter.php(824): App\Controllers\Home->cekcookie()
#2 C:\xampp\htdocs\suratci\system\CodeIgniter.php(410): CodeIgniter\CodeIgniter->runController(Object(App\Controllers\Home))
#3 C:\xampp\htdocs\suratci\system\CodeIgniter.php(318): CodeIgniter\CodeIgniter->handleRequest(NULL, Object(Config\Cache), false)
#4 C:\xampp\htdocs\suratci\public\index.php(37): CodeIgniter\CodeIgniter->run()
#5 C:\xampp\htdocs\suratci\system\Commands\Server\rewrite.php(43): require_once('C:\\xampp\\htdocs...')
#6 {main}
CRITICAL - 2021-12-15 19:53:33 --> Undefined array key "nama"
#0 C:\xampp\htdocs\suratci\app\Controllers\Home.php(39): CodeIgniter\Debug\Exceptions->errorHandler(2, 'Undefined array...', 'C:\\xampp\\htdocs...', 39)
#1 C:\xampp\htdocs\suratci\system\CodeIgniter.php(824): App\Controllers\Home->cekcookie()
#2 C:\xampp\htdocs\suratci\system\CodeIgniter.php(410): CodeIgniter\CodeIgniter->runController(Object(App\Controllers\Home))
#3 C:\xampp\htdocs\suratci\system\CodeIgniter.php(318): CodeIgniter\CodeIgniter->handleRequest(NULL, Object(Config\Cache), false)
#4 C:\xampp\htdocs\suratci\public\index.php(37): CodeIgniter\CodeIgniter->run()
#5 C:\xampp\htdocs\suratci\system\Commands\Server\rewrite.php(43): require_once('C:\\xampp\\htdocs...')
#6 {main}
CRITICAL - 2021-12-15 19:53:34 --> Undefined array key "nama"
#0 C:\xampp\htdocs\suratci\app\Controllers\Home.php(39): CodeIgniter\Debug\Exceptions->errorHandler(2, 'Undefined array...', 'C:\\xampp\\htdocs...', 39)
#1 C:\xampp\htdocs\suratci\system\CodeIgniter.php(824): App\Controllers\Home->cekcookie()
#2 C:\xampp\htdocs\suratci\system\CodeIgniter.php(410): CodeIgniter\CodeIgniter->runController(Object(App\Controllers\Home))
#3 C:\xampp\htdocs\suratci\system\CodeIgniter.php(318): CodeIgniter\CodeIgniter->handleRequest(NULL, Object(Config\Cache), false)
#4 C:\xampp\htdocs\suratci\public\index.php(37): CodeIgniter\CodeIgniter->run()
#5 C:\xampp\htdocs\suratci\system\Commands\Server\rewrite.php(43): require_once('C:\\xampp\\htdocs...')
#6 {main}
CRITICAL - 2021-12-15 19:53:34 --> Undefined array key "nama"
#0 C:\xampp\htdocs\suratci\app\Controllers\Home.php(39): CodeIgniter\Debug\Exceptions->errorHandler(2, 'Undefined array...', 'C:\\xampp\\htdocs...', 39)
#1 C:\xampp\htdocs\suratci\system\CodeIgniter.php(824): App\Controllers\Home->cekcookie()
#2 C:\xampp\htdocs\suratci\system\CodeIgniter.php(410): CodeIgniter\CodeIgniter->runController(Object(App\Controllers\Home))
#3 C:\xampp\htdocs\suratci\system\CodeIgniter.php(318): CodeIgniter\CodeIgniter->handleRequest(NULL, Object(Config\Cache), false)
#4 C:\xampp\htdocs\suratci\public\index.php(37): CodeIgniter\CodeIgniter->run()
#5 C:\xampp\htdocs\suratci\system\Commands\Server\rewrite.php(43): require_once('C:\\xampp\\htdocs...')
#6 {main}
CRITICAL - 2021-12-15 19:53:35 --> Undefined array key "nama"
#0 C:\xampp\htdocs\suratci\app\Controllers\Home.php(39): CodeIgniter\Debug\Exceptions->errorHandler(2, 'Undefined array...', 'C:\\xampp\\htdocs...', 39)
#1 C:\xampp\htdocs\suratci\system\CodeIgniter.php(824): App\Controllers\Home->cekcookie()
#2 C:\xampp\htdocs\suratci\system\CodeIgniter.php(410): CodeIgniter\CodeIgniter->runController(Object(App\Controllers\Home))
#3 C:\xampp\htdocs\suratci\system\CodeIgniter.php(318): CodeIgniter\CodeIgniter->handleRequest(NULL, Object(Config\Cache), false)
#4 C:\xampp\htdocs\suratci\public\index.php(37): CodeIgniter\CodeIgniter->run()
#5 C:\xampp\htdocs\suratci\system\Commands\Server\rewrite.php(43): require_once('C:\\xampp\\htdocs...')
#6 {main}
CRITICAL - 2021-12-15 19:53:35 --> Undefined array key "nama"
#0 C:\xampp\htdocs\suratci\app\Controllers\Home.php(39): CodeIgniter\Debug\Exceptions->errorHandler(2, 'Undefined array...', 'C:\\xampp\\htdocs...', 39)
#1 C:\xampp\htdocs\suratci\system\CodeIgniter.php(824): App\Controllers\Home->cekcookie()
#2 C:\xampp\htdocs\suratci\system\CodeIgniter.php(410): CodeIgniter\CodeIgniter->runController(Object(App\Controllers\Home))
#3 C:\xampp\htdocs\suratci\system\CodeIgniter.php(318): CodeIgniter\CodeIgniter->handleRequest(NULL, Object(Config\Cache), false)
#4 C:\xampp\htdocs\suratci\public\index.php(37): CodeIgniter\CodeIgniter->run()
#5 C:\xampp\htdocs\suratci\system\Commands\Server\rewrite.php(43): require_once('C:\\xampp\\htdocs...')
#6 {main}
CRITICAL - 2021-12-15 19:53:35 --> Undefined array key "nama"
#0 C:\xampp\htdocs\suratci\app\Controllers\Home.php(39): CodeIgniter\Debug\Exceptions->errorHandler(2, 'Undefined array...', 'C:\\xampp\\htdocs...', 39)
#1 C:\xampp\htdocs\suratci\system\CodeIgniter.php(824): App\Controllers\Home->cekcookie()
#2 C:\xampp\htdocs\suratci\system\CodeIgniter.php(410): CodeIgniter\CodeIgniter->runController(Object(App\Controllers\Home))
#3 C:\xampp\htdocs\suratci\system\CodeIgniter.php(318): CodeIgniter\CodeIgniter->handleRequest(NULL, Object(Config\Cache), false)
#4 C:\xampp\htdocs\suratci\public\index.php(37): CodeIgniter\CodeIgniter->run()
#5 C:\xampp\htdocs\suratci\system\Commands\Server\rewrite.php(43): require_once('C:\\xampp\\htdocs...')
#6 {main}
CRITICAL - 2021-12-15 19:54:30 --> Undefined array key "nama"
#0 C:\xampp\htdocs\suratci\app\Controllers\Home.php(39): CodeIgniter\Debug\Exceptions->errorHandler(2, 'Undefined array...', 'C:\\xampp\\htdocs...', 39)
#1 C:\xampp\htdocs\suratci\system\CodeIgniter.php(824): App\Controllers\Home->cekcookie()
#2 C:\xampp\htdocs\suratci\system\CodeIgniter.php(410): CodeIgniter\CodeIgniter->runController(Object(App\Controllers\Home))
#3 C:\xampp\htdocs\suratci\system\CodeIgniter.php(318): CodeIgniter\CodeIgniter->handleRequest(NULL, Object(Config\Cache), false)
#4 C:\xampp\htdocs\suratci\public\index.php(37): CodeIgniter\CodeIgniter->run()
#5 C:\xampp\htdocs\suratci\system\Commands\Server\rewrite.php(43): require_once('C:\\xampp\\htdocs...')
#6 {main}
CRITICAL - 2021-12-15 19:55:12 --> Undefined array key "nama"
#0 C:\xampp\htdocs\suratci\app\Controllers\Home.php(39): CodeIgniter\Debug\Exceptions->errorHandler(2, 'Undefined array...', 'C:\\xampp\\htdocs...', 39)
#1 C:\xampp\htdocs\suratci\system\CodeIgniter.php(824): App\Controllers\Home->cekcookie()
#2 C:\xampp\htdocs\suratci\system\CodeIgniter.php(410): CodeIgniter\CodeIgniter->runController(Object(App\Controllers\Home))
#3 C:\xampp\htdocs\suratci\system\CodeIgniter.php(318): CodeIgniter\CodeIgniter->handleRequest(NULL, Object(Config\Cache), false)
#4 C:\xampp\htdocs\suratci\public\index.php(37): CodeIgniter\CodeIgniter->run()
#5 C:\xampp\htdocs\suratci\system\Commands\Server\rewrite.php(43): require_once('C:\\xampp\\htdocs...')
#6 {main}
CRITICAL - 2021-12-15 19:57:45 --> Undefined array key "nama"
#0 C:\xampp\htdocs\suratci\app\Controllers\Home.php(39): CodeIgniter\Debug\Exceptions->errorHandler(2, 'Undefined array...', 'C:\\xampp\\htdocs...', 39)
#1 C:\xampp\htdocs\suratci\system\CodeIgniter.php(824): App\Controllers\Home->cekcookie()
#2 C:\xampp\htdocs\suratci\system\CodeIgniter.php(410): CodeIgniter\CodeIgniter->runController(Object(App\Controllers\Home))
#3 C:\xampp\htdocs\suratci\system\CodeIgniter.php(318): CodeIgniter\CodeIgniter->handleRequest(NULL, Object(Config\Cache), false)
#4 C:\xampp\htdocs\suratci\public\index.php(37): CodeIgniter\CodeIgniter->run()
#5 C:\xampp\htdocs\suratci\system\Commands\Server\rewrite.php(43): require_once('C:\\xampp\\htdocs...')
#6 {main}
CRITICAL - 2021-12-15 19:58:04 --> Undefined array key "nama"
#0 C:\xampp\htdocs\suratci\app\Controllers\Home.php(39): CodeIgniter\Debug\Exceptions->errorHandler(2, 'Undefined array...', 'C:\\xampp\\htdocs...', 39)
#1 C:\xampp\htdocs\suratci\system\CodeIgniter.php(824): App\Controllers\Home->cekcookie()
#2 C:\xampp\htdocs\suratci\system\CodeIgniter.php(410): CodeIgniter\CodeIgniter->runController(Object(App\Controllers\Home))
#3 C:\xampp\htdocs\suratci\system\CodeIgniter.php(318): CodeIgniter\CodeIgniter->handleRequest(NULL, Object(Config\Cache), false)
#4 C:\xampp\htdocs\suratci\public\index.php(37): CodeIgniter\CodeIgniter->run()
#5 C:\xampp\htdocs\suratci\system\Commands\Server\rewrite.php(43): require_once('C:\\xampp\\htdocs...')
#6 {main}
CRITICAL - 2021-12-15 20:23:34 --> Undefined property: App\Controllers\Coba::$load
#0 C:\xampp\htdocs\suratci\app\Controllers\Coba.php(12): CodeIgniter\Debug\Exceptions->errorHandler(2, 'Undefined prope...', 'C:\\xampp\\htdocs...', 12)
#1 C:\xampp\htdocs\suratci\system\CodeIgniter.php(824): App\Controllers\Coba->index()
#2 C:\xampp\htdocs\suratci\system\CodeIgniter.php(410): CodeIgniter\CodeIgniter->runController(Object(App\Controllers\Coba))
#3 C:\xampp\htdocs\suratci\system\CodeIgniter.php(318): CodeIgniter\CodeIgniter->handleRequest(NULL, Object(Config\Cache), false)
#4 C:\xampp\htdocs\suratci\public\index.php(37): CodeIgniter\CodeIgniter->run()
#5 C:\xampp\htdocs\suratci\system\Commands\Server\rewrite.php(43): require_once('C:\\xampp\\htdocs...')
#6 {main}
CRITICAL - 2021-12-15 20:23:39 --> Undefined property: App\Controllers\Coba::$load
#0 C:\xampp\htdocs\suratci\app\Controllers\Coba.php(12): CodeIgniter\Debug\Exceptions->errorHandler(2, 'Undefined prope...', 'C:\\xampp\\htdocs...', 12)
#1 C:\xampp\htdocs\suratci\system\CodeIgniter.php(824): App\Controllers\Coba->index()
#2 C:\xampp\htdocs\suratci\system\CodeIgniter.php(410): CodeIgniter\CodeIgniter->runController(Object(App\Controllers\Coba))
#3 C:\xampp\htdocs\suratci\system\CodeIgniter.php(318): CodeIgniter\CodeIgniter->handleRequest(NULL, Object(Config\Cache), false)
#4 C:\xampp\htdocs\suratci\public\index.php(37): CodeIgniter\CodeIgniter->run()
#5 C:\xampp\htdocs\suratci\system\Commands\Server\rewrite.php(43): require_once('C:\\xampp\\htdocs...')
#6 {main}
CRITICAL - 2021-12-15 20:25:05 --> Undefined property: App\Controllers\Coba::$load
#0 C:\xampp\htdocs\suratci\app\Controllers\Coba.php(12): CodeIgniter\Debug\Exceptions->errorHandler(2, 'Undefined prope...', 'C:\\xampp\\htdocs...', 12)
#1 C:\xampp\htdocs\suratci\system\CodeIgniter.php(824): App\Controllers\Coba->index()
#2 C:\xampp\htdocs\suratci\system\CodeIgniter.php(410): CodeIgniter\CodeIgniter->runController(Object(App\Controllers\Coba))
#3 C:\xampp\htdocs\suratci\system\CodeIgniter.php(318): CodeIgniter\CodeIgniter->handleRequest(NULL, Object(Config\Cache), false)
#4 C:\xampp\htdocs\suratci\public\index.php(37): CodeIgniter\CodeIgniter->run()
#5 C:\xampp\htdocs\suratci\system\Commands\Server\rewrite.php(43): require_once('C:\\xampp\\htdocs...')
#6 {main}
CRITICAL - 2021-12-15 20:25:34 --> Undefined property: App\Controllers\Coba::$load
#0 C:\xampp\htdocs\suratci\app\Controllers\Coba.php(12): CodeIgniter\Debug\Exceptions->errorHandler(2, 'Undefined prope...', 'C:\\xampp\\htdocs...', 12)
#1 C:\xampp\htdocs\suratci\system\CodeIgniter.php(824): App\Controllers\Coba->index()
#2 C:\xampp\htdocs\suratci\system\CodeIgniter.php(410): CodeIgniter\CodeIgniter->runController(Object(App\Controllers\Coba))
#3 C:\xampp\htdocs\suratci\system\CodeIgniter.php(318): CodeIgniter\CodeIgniter->handleRequest(NULL, Object(Config\Cache), false)
#4 C:\xampp\htdocs\suratci\public\index.php(37): CodeIgniter\CodeIgniter->run()
#5 C:\xampp\htdocs\suratci\system\Commands\Server\rewrite.php(43): require_once('C:\\xampp\\htdocs...')
#6 {main}
CRITICAL - 2021-12-15 20:25:35 --> Undefined property: App\Controllers\Coba::$load
#0 C:\xampp\htdocs\suratci\app\Controllers\Coba.php(12): CodeIgniter\Debug\Exceptions->errorHandler(2, 'Undefined prope...', 'C:\\xampp\\htdocs...', 12)
#1 C:\xampp\htdocs\suratci\system\CodeIgniter.php(824): App\Controllers\Coba->index()
#2 C:\xampp\htdocs\suratci\system\CodeIgniter.php(410): CodeIgniter\CodeIgniter->runController(Object(App\Controllers\Coba))
#3 C:\xampp\htdocs\suratci\system\CodeIgniter.php(318): CodeIgniter\CodeIgniter->handleRequest(NULL, Object(Config\Cache), false)
#4 C:\xampp\htdocs\suratci\public\index.php(37): CodeIgniter\CodeIgniter->run()
#5 C:\xampp\htdocs\suratci\system\Commands\Server\rewrite.php(43): require_once('C:\\xampp\\htdocs...')
#6 {main}
CRITICAL - 2021-12-15 20:25:35 --> Undefined property: App\Controllers\Coba::$load
#0 C:\xampp\htdocs\suratci\app\Controllers\Coba.php(12): CodeIgniter\Debug\Exceptions->errorHandler(2, 'Undefined prope...', 'C:\\xampp\\htdocs...', 12)
#1 C:\xampp\htdocs\suratci\system\CodeIgniter.php(824): App\Controllers\Coba->index()
#2 C:\xampp\htdocs\suratci\system\CodeIgniter.php(410): CodeIgniter\CodeIgniter->runController(Object(App\Controllers\Coba))
#3 C:\xampp\htdocs\suratci\system\CodeIgniter.php(318): CodeIgniter\CodeIgniter->handleRequest(NULL, Object(Config\Cache), false)
#4 C:\xampp\htdocs\suratci\public\index.php(37): CodeIgniter\CodeIgniter->run()
#5 C:\xampp\htdocs\suratci\system\Commands\Server\rewrite.php(43): require_once('C:\\xampp\\htdocs...')
#6 {main}
CRITICAL - 2021-12-15 20:25:36 --> Undefined property: App\Controllers\Coba::$load
#0 C:\xampp\htdocs\suratci\app\Controllers\Coba.php(12): CodeIgniter\Debug\Exceptions->errorHandler(2, 'Undefined prope...', 'C:\\xampp\\htdocs...', 12)
#1 C:\xampp\htdocs\suratci\system\CodeIgniter.php(824): App\Controllers\Coba->index()
#2 C:\xampp\htdocs\suratci\system\CodeIgniter.php(410): CodeIgniter\CodeIgniter->runController(Object(App\Controllers\Coba))
#3 C:\xampp\htdocs\suratci\system\CodeIgniter.php(318): CodeIgniter\CodeIgniter->handleRequest(NULL, Object(Config\Cache), false)
#4 C:\xampp\htdocs\suratci\public\index.php(37): CodeIgniter\CodeIgniter->run()
#5 C:\xampp\htdocs\suratci\system\Commands\Server\rewrite.php(43): require_once('C:\\xampp\\htdocs...')
#6 {main}
CRITICAL - 2021-12-15 20:25:36 --> Undefined property: App\Controllers\Coba::$load
#0 C:\xampp\htdocs\suratci\app\Controllers\Coba.php(12): CodeIgniter\Debug\Exceptions->errorHandler(2, 'Undefined prope...', 'C:\\xampp\\htdocs...', 12)
#1 C:\xampp\htdocs\suratci\system\CodeIgniter.php(824): App\Controllers\Coba->index()
#2 C:\xampp\htdocs\suratci\system\CodeIgniter.php(410): CodeIgniter\CodeIgniter->runController(Object(App\Controllers\Coba))
#3 C:\xampp\htdocs\suratci\system\CodeIgniter.php(318): CodeIgniter\CodeIgniter->handleRequest(NULL, Object(Config\Cache), false)
#4 C:\xampp\htdocs\suratci\public\index.php(37): CodeIgniter\CodeIgniter->run()
#5 C:\xampp\htdocs\suratci\system\Commands\Server\rewrite.php(43): require_once('C:\\xampp\\htdocs...')
#6 {main}
CRITICAL - 2021-12-15 20:25:36 --> Undefined property: App\Controllers\Coba::$load
#0 C:\xampp\htdocs\suratci\app\Controllers\Coba.php(12): CodeIgniter\Debug\Exceptions->errorHandler(2, 'Undefined prope...', 'C:\\xampp\\htdocs...', 12)
#1 C:\xampp\htdocs\suratci\system\CodeIgniter.php(824): App\Controllers\Coba->index()
#2 C:\xampp\htdocs\suratci\system\CodeIgniter.php(410): CodeIgniter\CodeIgniter->runController(Object(App\Controllers\Coba))
#3 C:\xampp\htdocs\suratci\system\CodeIgniter.php(318): CodeIgniter\CodeIgniter->handleRequest(NULL, Object(Config\Cache), false)
#4 C:\xampp\htdocs\suratci\public\index.php(37): CodeIgniter\CodeIgniter->run()
#5 C:\xampp\htdocs\suratci\system\Commands\Server\rewrite.php(43): require_once('C:\\xampp\\htdocs...')
#6 {main}
CRITICAL - 2021-12-15 20:25:36 --> Undefined property: App\Controllers\Coba::$load
#0 C:\xampp\htdocs\suratci\app\Controllers\Coba.php(12): CodeIgniter\Debug\Exceptions->errorHandler(2, 'Undefined prope...', 'C:\\xampp\\htdocs...', 12)
#1 C:\xampp\htdocs\suratci\system\CodeIgniter.php(824): App\Controllers\Coba->index()
#2 C:\xampp\htdocs\suratci\system\CodeIgniter.php(410): CodeIgniter\CodeIgniter->runController(Object(App\Controllers\Coba))
#3 C:\xampp\htdocs\suratci\system\CodeIgniter.php(318): CodeIgniter\CodeIgniter->handleRequest(NULL, Object(Config\Cache), false)
#4 C:\xampp\htdocs\suratci\public\index.php(37): CodeIgniter\CodeIgniter->run()
#5 C:\xampp\htdocs\suratci\system\Commands\Server\rewrite.php(43): require_once('C:\\xampp\\htdocs...')
#6 {main}
CRITICAL - 2021-12-15 20:34:07 --> Call to undefined function App\Controllers\get_cookie()
#0 C:\xampp\htdocs\suratci\system\CodeIgniter.php(824): App\Controllers\Coba->display()
#1 C:\xampp\htdocs\suratci\system\CodeIgniter.php(410): CodeIgniter\CodeIgniter->runController(Object(App\Controllers\Coba))
#2 C:\xampp\htdocs\suratci\system\CodeIgniter.php(318): CodeIgniter\CodeIgniter->handleRequest(NULL, Object(Config\Cache), false)
#3 C:\xampp\htdocs\suratci\public\index.php(37): CodeIgniter\CodeIgniter->run()
#4 C:\xampp\htdocs\suratci\system\Commands\Server\rewrite.php(43): require_once('C:\\xampp\\htdocs...')
#5 {main}
CRITICAL - 2021-12-15 20:34:09 --> Call to undefined function App\Controllers\get_cookie()
#0 C:\xampp\htdocs\suratci\system\CodeIgniter.php(824): App\Controllers\Coba->display()
#1 C:\xampp\htdocs\suratci\system\CodeIgniter.php(410): CodeIgniter\CodeIgniter->runController(Object(App\Controllers\Coba))
#2 C:\xampp\htdocs\suratci\system\CodeIgniter.php(318): CodeIgniter\CodeIgniter->handleRequest(NULL, Object(Config\Cache), false)
#3 C:\xampp\htdocs\suratci\public\index.php(37): CodeIgniter\CodeIgniter->run()
#4 C:\xampp\htdocs\suratci\system\Commands\Server\rewrite.php(43): require_once('C:\\xampp\\htdocs...')
#5 {main}
CRITICAL - 2021-12-15 20:41:32 --> Call to undefined function App\Controllers\get_cookie()
#0 C:\xampp\htdocs\suratci\system\CodeIgniter.php(824): App\Controllers\Coba->display()
#1 C:\xampp\htdocs\suratci\system\CodeIgniter.php(410): CodeIgniter\CodeIgniter->runController(Object(App\Controllers\Coba))
#2 C:\xampp\htdocs\suratci\system\CodeIgniter.php(318): CodeIgniter\CodeIgniter->handleRequest(NULL, Object(Config\Cache), false)
#3 C:\xampp\htdocs\suratci\public\index.php(37): CodeIgniter\CodeIgniter->run()
#4 C:\xampp\htdocs\suratci\system\Commands\Server\rewrite.php(43): require_once('C:\\xampp\\htdocs...')
#5 {main}
CRITICAL - 2021-12-15 20:53:16 -->  route cannot be found while reverse-routing.
#0 C:\xampp\htdocs\suratci\system\HTTP\RedirectResponse.php(56): CodeIgniter\HTTP\Exceptions\HTTPException::forInvalidRedirectRoute('')
#1 C:\xampp\htdocs\suratci\app\Controllers\Coba.php(27): CodeIgniter\HTTP\RedirectResponse->route(false)
#2 C:\xampp\htdocs\suratci\system\CodeIgniter.php(824): App\Controllers\Coba->delete()
#3 C:\xampp\htdocs\suratci\system\CodeIgniter.php(410): CodeIgniter\CodeIgniter->runController(Object(App\Controllers\Coba))
#4 C:\xampp\htdocs\suratci\system\CodeIgniter.php(318): CodeIgniter\CodeIgniter->handleRequest(NULL, Object(Config\Cache), false)
#5 C:\xampp\htdocs\suratci\public\index.php(37): CodeIgniter\CodeIgniter->run()
#6 C:\xampp\htdocs\suratci\system\Commands\Server\rewrite.php(43): require_once('C:\\xampp\\htdocs...')
#7 {main}
CRITICAL - 2021-12-15 21:54:45 --> Call to undefined function App\Controllers\get_cookie()
#0 C:\xampp\htdocs\suratci\system\CodeIgniter.php(824): App\Controllers\Home->cekcookie()
#1 C:\xampp\htdocs\suratci\system\CodeIgniter.php(410): CodeIgniter\CodeIgniter->runController(Object(App\Controllers\Home))
#2 C:\xampp\htdocs\suratci\system\CodeIgniter.php(318): CodeIgniter\CodeIgniter->handleRequest(NULL, Object(Config\Cache), false)
#3 C:\xampp\htdocs\suratci\public\index.php(37): CodeIgniter\CodeIgniter->run()
#4 C:\xampp\htdocs\suratci\system\Commands\Server\rewrite.php(43): require_once('C:\\xampp\\htdocs...')
#5 {main}
CRITICAL - 2021-12-15 22:01:34 --> Cannot use isset() on the result of an expression (you can use "null !== expression" instead)
#0 [internal function]: CodeIgniter\Debug\Exceptions->shutdownHandler()
#1 {main}
