CRITICAL - 2021-12-02 02:26:33 --> Object of class CodeIgniter\Database\MySQLi\Result could not be converted to string
#0 C:\xampp\htdocs\suratci\system\CodeIgniter.php(824): App\Controllers\Home->index()
#1 C:\xampp\htdocs\suratci\system\CodeIgniter.php(410): CodeIgniter\CodeIgniter->runController(Object(App\Controllers\Home))
#2 C:\xampp\htdocs\suratci\system\CodeIgniter.php(318): CodeIgniter\CodeIgniter->handleRequest(NULL, Object(Config\Cache), false)
#3 C:\xampp\htdocs\suratci\public\index.php(37): CodeIgniter\CodeIgniter->run()
#4 {main}
CRITICAL - 2021-12-02 02:31:34 --> Object of class CodeIgniter\Database\MySQLi\Result could not be converted to string
#0 C:\xampp\htdocs\suratci\system\CodeIgniter.php(824): App\Controllers\Home->index()
#1 C:\xampp\htdocs\suratci\system\CodeIgniter.php(410): CodeIgniter\CodeIgniter->runController(Object(App\Controllers\Home))
#2 C:\xampp\htdocs\suratci\system\CodeIgniter.php(318): CodeIgniter\CodeIgniter->handleRequest(NULL, Object(Config\Cache), false)
#3 C:\xampp\htdocs\suratci\public\index.php(37): CodeIgniter\CodeIgniter->run()
#4 {main}
CRITICAL - 2021-12-02 02:34:38 --> Call to undefined method CodeIgniter\Database\MySQLi\Result::countResultAll()
#0 C:\xampp\htdocs\suratci\system\CodeIgniter.php(824): App\Controllers\Home->index()
#1 C:\xampp\htdocs\suratci\system\CodeIgniter.php(410): CodeIgniter\CodeIgniter->runController(Object(App\Controllers\Home))
#2 C:\xampp\htdocs\suratci\system\CodeIgniter.php(318): CodeIgniter\CodeIgniter->handleRequest(NULL, Object(Config\Cache), false)
#3 C:\xampp\htdocs\suratci\public\index.php(37): CodeIgniter\CodeIgniter->run()
#4 {main}
CRITICAL - 2021-12-02 02:34:39 --> Call to undefined method CodeIgniter\Database\MySQLi\Result::countResultAll()
#0 C:\xampp\htdocs\suratci\system\CodeIgniter.php(824): App\Controllers\Home->index()
#1 C:\xampp\htdocs\suratci\system\CodeIgniter.php(410): CodeIgniter\CodeIgniter->runController(Object(App\Controllers\Home))
#2 C:\xampp\htdocs\suratci\system\CodeIgniter.php(318): CodeIgniter\CodeIgniter->handleRequest(NULL, Object(Config\Cache), false)
#3 C:\xampp\htdocs\suratci\public\index.php(37): CodeIgniter\CodeIgniter->run()
#4 {main}
CRITICAL - 2021-12-02 02:34:39 --> Call to undefined method CodeIgniter\Database\MySQLi\Result::countResultAll()
#0 C:\xampp\htdocs\suratci\system\CodeIgniter.php(824): App\Controllers\Home->index()
#1 C:\xampp\htdocs\suratci\system\CodeIgniter.php(410): CodeIgniter\CodeIgniter->runController(Object(App\Controllers\Home))
#2 C:\xampp\htdocs\suratci\system\CodeIgniter.php(318): CodeIgniter\CodeIgniter->handleRequest(NULL, Object(Config\Cache), false)
#3 C:\xampp\htdocs\suratci\public\index.php(37): CodeIgniter\CodeIgniter->run()
#4 {main}
CRITICAL - 2021-12-02 02:34:40 --> Call to undefined method CodeIgniter\Database\MySQLi\Result::countResultAll()
#0 C:\xampp\htdocs\suratci\system\CodeIgniter.php(824): App\Controllers\Home->index()
#1 C:\xampp\htdocs\suratci\system\CodeIgniter.php(410): CodeIgniter\CodeIgniter->runController(Object(App\Controllers\Home))
#2 C:\xampp\htdocs\suratci\system\CodeIgniter.php(318): CodeIgniter\CodeIgniter->handleRequest(NULL, Object(Config\Cache), false)
#3 C:\xampp\htdocs\suratci\public\index.php(37): CodeIgniter\CodeIgniter->run()
#4 {main}
CRITICAL - 2021-12-02 02:34:40 --> Call to undefined method CodeIgniter\Database\MySQLi\Result::countResultAll()
#0 C:\xampp\htdocs\suratci\system\CodeIgniter.php(824): App\Controllers\Home->index()
#1 C:\xampp\htdocs\suratci\system\CodeIgniter.php(410): CodeIgniter\CodeIgniter->runController(Object(App\Controllers\Home))
#2 C:\xampp\htdocs\suratci\system\CodeIgniter.php(318): CodeIgniter\CodeIgniter->handleRequest(NULL, Object(Config\Cache), false)
#3 C:\xampp\htdocs\suratci\public\index.php(37): CodeIgniter\CodeIgniter->run()
#4 {main}
CRITICAL - 2021-12-02 02:34:40 --> Call to undefined method CodeIgniter\Database\MySQLi\Result::countResultAll()
#0 C:\xampp\htdocs\suratci\system\CodeIgniter.php(824): App\Controllers\Home->index()
#1 C:\xampp\htdocs\suratci\system\CodeIgniter.php(410): CodeIgniter\CodeIgniter->runController(Object(App\Controllers\Home))
#2 C:\xampp\htdocs\suratci\system\CodeIgniter.php(318): CodeIgniter\CodeIgniter->handleRequest(NULL, Object(Config\Cache), false)
#3 C:\xampp\htdocs\suratci\public\index.php(37): CodeIgniter\CodeIgniter->run()
#4 {main}
CRITICAL - 2021-12-02 02:34:40 --> Call to undefined method CodeIgniter\Database\MySQLi\Result::countResultAll()
#0 C:\xampp\htdocs\suratci\system\CodeIgniter.php(824): App\Controllers\Home->index()
#1 C:\xampp\htdocs\suratci\system\CodeIgniter.php(410): CodeIgniter\CodeIgniter->runController(Object(App\Controllers\Home))
#2 C:\xampp\htdocs\suratci\system\CodeIgniter.php(318): CodeIgniter\CodeIgniter->handleRequest(NULL, Object(Config\Cache), false)
#3 C:\xampp\htdocs\suratci\public\index.php(37): CodeIgniter\CodeIgniter->run()
#4 {main}
CRITICAL - 2021-12-02 02:34:40 --> Call to undefined method CodeIgniter\Database\MySQLi\Result::countResultAll()
#0 C:\xampp\htdocs\suratci\system\CodeIgniter.php(824): App\Controllers\Home->index()
#1 C:\xampp\htdocs\suratci\system\CodeIgniter.php(410): CodeIgniter\CodeIgniter->runController(Object(App\Controllers\Home))
#2 C:\xampp\htdocs\suratci\system\CodeIgniter.php(318): CodeIgniter\CodeIgniter->handleRequest(NULL, Object(Config\Cache), false)
#3 C:\xampp\htdocs\suratci\public\index.php(37): CodeIgniter\CodeIgniter->run()
#4 {main}
CRITICAL - 2021-12-02 02:36:22 --> Call to undefined method CodeIgniter\Database\MySQLi\Result::num_rows()
#0 C:\xampp\htdocs\suratci\system\CodeIgniter.php(824): App\Controllers\Home->index()
#1 C:\xampp\htdocs\suratci\system\CodeIgniter.php(410): CodeIgniter\CodeIgniter->runController(Object(App\Controllers\Home))
#2 C:\xampp\htdocs\suratci\system\CodeIgniter.php(318): CodeIgniter\CodeIgniter->handleRequest(NULL, Object(Config\Cache), false)
#3 C:\xampp\htdocs\suratci\public\index.php(37): CodeIgniter\CodeIgniter->run()
#4 {main}
CRITICAL - 2021-12-02 02:39:53 --> Undefined property: CodeIgniter\Database\MySQLi\Result::$num_rows
#0 C:\xampp\htdocs\suratci\app\Controllers\Home.php(13): CodeIgniter\Debug\Exceptions->errorHandler(2, 'Undefined prope...', 'C:\\xampp\\htdocs...', 13)
#1 C:\xampp\htdocs\suratci\system\CodeIgniter.php(824): App\Controllers\Home->index()
#2 C:\xampp\htdocs\suratci\system\CodeIgniter.php(410): CodeIgniter\CodeIgniter->runController(Object(App\Controllers\Home))
#3 C:\xampp\htdocs\suratci\system\CodeIgniter.php(318): CodeIgniter\CodeIgniter->handleRequest(NULL, Object(Config\Cache), false)
#4 C:\xampp\htdocs\suratci\public\index.php(37): CodeIgniter\CodeIgniter->run()
#5 {main}
CRITICAL - 2021-12-02 02:39:53 --> Undefined property: CodeIgniter\Database\MySQLi\Result::$num_rows
#0 C:\xampp\htdocs\suratci\app\Controllers\Home.php(13): CodeIgniter\Debug\Exceptions->errorHandler(2, 'Undefined prope...', 'C:\\xampp\\htdocs...', 13)
#1 C:\xampp\htdocs\suratci\system\CodeIgniter.php(824): App\Controllers\Home->index()
#2 C:\xampp\htdocs\suratci\system\CodeIgniter.php(410): CodeIgniter\CodeIgniter->runController(Object(App\Controllers\Home))
#3 C:\xampp\htdocs\suratci\system\CodeIgniter.php(318): CodeIgniter\CodeIgniter->handleRequest(NULL, Object(Config\Cache), false)
#4 C:\xampp\htdocs\suratci\public\index.php(37): CodeIgniter\CodeIgniter->run()
#5 {main}
CRITICAL - 2021-12-02 02:41:17 --> Undefined property: CodeIgniter\Database\MySQLi\Result::$num_rows
#0 C:\xampp\htdocs\suratci\app\Controllers\Home.php(13): CodeIgniter\Debug\Exceptions->errorHandler(2, 'Undefined prope...', 'C:\\xampp\\htdocs...', 13)
#1 C:\xampp\htdocs\suratci\system\CodeIgniter.php(824): App\Controllers\Home->index()
#2 C:\xampp\htdocs\suratci\system\CodeIgniter.php(410): CodeIgniter\CodeIgniter->runController(Object(App\Controllers\Home))
#3 C:\xampp\htdocs\suratci\system\CodeIgniter.php(318): CodeIgniter\CodeIgniter->handleRequest(NULL, Object(Config\Cache), false)
#4 C:\xampp\htdocs\suratci\public\index.php(37): CodeIgniter\CodeIgniter->run()
#5 {main}
CRITICAL - 2021-12-02 02:43:03 --> Undefined property: CodeIgniter\Database\MySQLi\Result::$num_rows
#0 C:\xampp\htdocs\suratci\app\Controllers\Home.php(13): CodeIgniter\Debug\Exceptions->errorHandler(2, 'Undefined prope...', 'C:\\xampp\\htdocs...', 13)
#1 C:\xampp\htdocs\suratci\system\CodeIgniter.php(824): App\Controllers\Home->index()
#2 C:\xampp\htdocs\suratci\system\CodeIgniter.php(410): CodeIgniter\CodeIgniter->runController(Object(App\Controllers\Home))
#3 C:\xampp\htdocs\suratci\system\CodeIgniter.php(318): CodeIgniter\CodeIgniter->handleRequest(NULL, Object(Config\Cache), false)
#4 C:\xampp\htdocs\suratci\public\index.php(37): CodeIgniter\CodeIgniter->run()
#5 {main}
CRITICAL - 2021-12-02 02:43:04 --> Undefined property: CodeIgniter\Database\MySQLi\Result::$num_rows
#0 C:\xampp\htdocs\suratci\app\Controllers\Home.php(13): CodeIgniter\Debug\Exceptions->errorHandler(2, 'Undefined prope...', 'C:\\xampp\\htdocs...', 13)
#1 C:\xampp\htdocs\suratci\system\CodeIgniter.php(824): App\Controllers\Home->index()
#2 C:\xampp\htdocs\suratci\system\CodeIgniter.php(410): CodeIgniter\CodeIgniter->runController(Object(App\Controllers\Home))
#3 C:\xampp\htdocs\suratci\system\CodeIgniter.php(318): CodeIgniter\CodeIgniter->handleRequest(NULL, Object(Config\Cache), false)
#4 C:\xampp\htdocs\suratci\public\index.php(37): CodeIgniter\CodeIgniter->run()
#5 {main}
CRITICAL - 2021-12-02 02:43:10 --> Call to undefined method CodeIgniter\Database\MySQLi\Result::count()
#0 C:\xampp\htdocs\suratci\system\CodeIgniter.php(824): App\Controllers\Home->index()
#1 C:\xampp\htdocs\suratci\system\CodeIgniter.php(410): CodeIgniter\CodeIgniter->runController(Object(App\Controllers\Home))
#2 C:\xampp\htdocs\suratci\system\CodeIgniter.php(318): CodeIgniter\CodeIgniter->handleRequest(NULL, Object(Config\Cache), false)
#3 C:\xampp\htdocs\suratci\public\index.php(37): CodeIgniter\CodeIgniter->run()
#4 {main}
CRITICAL - 2021-12-02 20:58:59 --> Undefined variable $tes
#0 C:\xampp\htdocs\suratci\app\Views\home.php(32): CodeIgniter\Debug\Exceptions->errorHandler(2, 'Undefined varia...', 'C:\\xampp\\htdocs...', 32)
#1 C:\xampp\htdocs\suratci\system\View\View.php(214): include('C:\\xampp\\htdocs...')
#2 C:\xampp\htdocs\suratci\system\View\View.php(217): CodeIgniter\View\View->CodeIgniter\View\{closure}()
#3 C:\xampp\htdocs\suratci\system\Common.php(1097): CodeIgniter\View\View->render('home', Array, true)
#4 C:\xampp\htdocs\suratci\app\Controllers\Home.php(16): view('home', Array)
#5 C:\xampp\htdocs\suratci\system\CodeIgniter.php(824): App\Controllers\Home->index()
#6 C:\xampp\htdocs\suratci\system\CodeIgniter.php(410): CodeIgniter\CodeIgniter->runController(Object(App\Controllers\Home))
#7 C:\xampp\htdocs\suratci\system\CodeIgniter.php(318): CodeIgniter\CodeIgniter->handleRequest(NULL, Object(Config\Cache), false)
#8 C:\xampp\htdocs\suratci\public\index.php(37): CodeIgniter\CodeIgniter->run()
#9 {main}
CRITICAL - 2021-12-02 21:23:40 --> Undefined variable $dbin
#0 C:\xampp\htdocs\suratci\app\Controllers\Home.php(16): CodeIgniter\Debug\Exceptions->errorHandler(2, 'Undefined varia...', 'C:\\xampp\\htdocs...', 16)
#1 C:\xampp\htdocs\suratci\system\CodeIgniter.php(801): App\Controllers\Home->__construct()
#2 C:\xampp\htdocs\suratci\system\CodeIgniter.php(401): CodeIgniter\CodeIgniter->createController()
#3 C:\xampp\htdocs\suratci\system\CodeIgniter.php(318): CodeIgniter\CodeIgniter->handleRequest(NULL, Object(Config\Cache), false)
#4 C:\xampp\htdocs\suratci\public\index.php(37): CodeIgniter\CodeIgniter->run()
#5 {main}
CRITICAL - 2021-12-02 21:41:53 --> Call to undefined method CodeIgniter\View\View::extends()
#0 C:\xampp\htdocs\suratci\system\View\View.php(214): include()
#1 C:\xampp\htdocs\suratci\system\View\View.php(217): CodeIgniter\View\View->CodeIgniter\View\{closure}()
#2 C:\xampp\htdocs\suratci\system\Common.php(1097): CodeIgniter\View\View->render('home', Array, true)
#3 C:\xampp\htdocs\suratci\app\Controllers\Home.php(28): view('home', Array)
#4 C:\xampp\htdocs\suratci\system\CodeIgniter.php(824): App\Controllers\Home->index()
#5 C:\xampp\htdocs\suratci\system\CodeIgniter.php(410): CodeIgniter\CodeIgniter->runController(Object(App\Controllers\Home))
#6 C:\xampp\htdocs\suratci\system\CodeIgniter.php(318): CodeIgniter\CodeIgniter->handleRequest(NULL, Object(Config\Cache), false)
#7 C:\xampp\htdocs\suratci\public\index.php(37): CodeIgniter\CodeIgniter->run()
#8 {main}
CRITICAL - 2021-12-02 21:41:54 --> Call to undefined method CodeIgniter\View\View::extends()
#0 C:\xampp\htdocs\suratci\system\View\View.php(214): include()
#1 C:\xampp\htdocs\suratci\system\View\View.php(217): CodeIgniter\View\View->CodeIgniter\View\{closure}()
#2 C:\xampp\htdocs\suratci\system\Common.php(1097): CodeIgniter\View\View->render('home', Array, true)
#3 C:\xampp\htdocs\suratci\app\Controllers\Home.php(28): view('home', Array)
#4 C:\xampp\htdocs\suratci\system\CodeIgniter.php(824): App\Controllers\Home->index()
#5 C:\xampp\htdocs\suratci\system\CodeIgniter.php(410): CodeIgniter\CodeIgniter->runController(Object(App\Controllers\Home))
#6 C:\xampp\htdocs\suratci\system\CodeIgniter.php(318): CodeIgniter\CodeIgniter->handleRequest(NULL, Object(Config\Cache), false)
#7 C:\xampp\htdocs\suratci\public\index.php(37): CodeIgniter\CodeIgniter->run()
#8 {main}
CRITICAL - 2021-12-02 21:41:55 --> Call to undefined method CodeIgniter\View\View::extends()
#0 C:\xampp\htdocs\suratci\system\View\View.php(214): include()
#1 C:\xampp\htdocs\suratci\system\View\View.php(217): CodeIgniter\View\View->CodeIgniter\View\{closure}()
#2 C:\xampp\htdocs\suratci\system\Common.php(1097): CodeIgniter\View\View->render('home', Array, true)
#3 C:\xampp\htdocs\suratci\app\Controllers\Home.php(28): view('home', Array)
#4 C:\xampp\htdocs\suratci\system\CodeIgniter.php(824): App\Controllers\Home->index()
#5 C:\xampp\htdocs\suratci\system\CodeIgniter.php(410): CodeIgniter\CodeIgniter->runController(Object(App\Controllers\Home))
#6 C:\xampp\htdocs\suratci\system\CodeIgniter.php(318): CodeIgniter\CodeIgniter->handleRequest(NULL, Object(Config\Cache), false)
#7 C:\xampp\htdocs\suratci\public\index.php(37): CodeIgniter\CodeIgniter->run()
#8 {main}
CRITICAL - 2021-12-02 21:41:55 --> Call to undefined method CodeIgniter\View\View::extends()
#0 C:\xampp\htdocs\suratci\system\View\View.php(214): include()
#1 C:\xampp\htdocs\suratci\system\View\View.php(217): CodeIgniter\View\View->CodeIgniter\View\{closure}()
#2 C:\xampp\htdocs\suratci\system\Common.php(1097): CodeIgniter\View\View->render('home', Array, true)
#3 C:\xampp\htdocs\suratci\app\Controllers\Home.php(28): view('home', Array)
#4 C:\xampp\htdocs\suratci\system\CodeIgniter.php(824): App\Controllers\Home->index()
#5 C:\xampp\htdocs\suratci\system\CodeIgniter.php(410): CodeIgniter\CodeIgniter->runController(Object(App\Controllers\Home))
#6 C:\xampp\htdocs\suratci\system\CodeIgniter.php(318): CodeIgniter\CodeIgniter->handleRequest(NULL, Object(Config\Cache), false)
#7 C:\xampp\htdocs\suratci\public\index.php(37): CodeIgniter\CodeIgniter->run()
#8 {main}
CRITICAL - 2021-12-02 21:41:55 --> Call to undefined method CodeIgniter\View\View::extends()
#0 C:\xampp\htdocs\suratci\system\View\View.php(214): include()
#1 C:\xampp\htdocs\suratci\system\View\View.php(217): CodeIgniter\View\View->CodeIgniter\View\{closure}()
#2 C:\xampp\htdocs\suratci\system\Common.php(1097): CodeIgniter\View\View->render('home', Array, true)
#3 C:\xampp\htdocs\suratci\app\Controllers\Home.php(28): view('home', Array)
#4 C:\xampp\htdocs\suratci\system\CodeIgniter.php(824): App\Controllers\Home->index()
#5 C:\xampp\htdocs\suratci\system\CodeIgniter.php(410): CodeIgniter\CodeIgniter->runController(Object(App\Controllers\Home))
#6 C:\xampp\htdocs\suratci\system\CodeIgniter.php(318): CodeIgniter\CodeIgniter->handleRequest(NULL, Object(Config\Cache), false)
#7 C:\xampp\htdocs\suratci\public\index.php(37): CodeIgniter\CodeIgniter->run()
#8 {main}
