CRITICAL - 2021-12-01 02:27:06 --> The framework needs the following extension(s) installed and loaded: intl.
#0 C:\xampp\htdocs\suratci\system\CodeIgniter.php(219): CodeIgniter\Exceptions\FrameworkException::forMissingExtension('intl')
#1 C:\xampp\htdocs\suratci\system\CodeIgniter.php(177): CodeIgniter\CodeIgniter->resolvePlatformExtensions()
#2 C:\xampp\htdocs\suratci\system\bootstrap.php(146): CodeIgniter\CodeIgniter->initialize()
#3 C:\xampp\htdocs\suratci\public\index.php(28): require('C:\\xampp\\htdocs...')
#4 {main}
CRITICAL - 2021-12-01 02:30:37 --> The framework needs the following extension(s) installed and loaded: intl.
#0 C:\xampp\htdocs\suratci\system\CodeIgniter.php(219): CodeIgniter\Exceptions\FrameworkException::forMissingExtension('intl')
#1 C:\xampp\htdocs\suratci\system\CodeIgniter.php(177): CodeIgniter\CodeIgniter->resolvePlatformExtensions()
#2 C:\xampp\htdocs\suratci\system\bootstrap.php(146): CodeIgniter\CodeIgniter->initialize()
#3 C:\xampp\htdocs\suratci\public\index.php(28): require('C:\\xampp\\htdocs...')
#4 {main}
CRITICAL - 2021-12-01 02:33:20 --> The framework needs the following extension(s) installed and loaded: intl.
#0 C:\xampp\htdocs\suratci\system\CodeIgniter.php(219): CodeIgniter\Exceptions\FrameworkException::forMissingExtension('intl')
#1 C:\xampp\htdocs\suratci\system\CodeIgniter.php(177): CodeIgniter\CodeIgniter->resolvePlatformExtensions()
#2 C:\xampp\htdocs\suratci\system\bootstrap.php(146): CodeIgniter\CodeIgniter->initialize()
#3 C:\xampp\htdocs\suratci\public\index.php(28): require('C:\\xampp\\htdocs...')
#4 {main}
CRITICAL - 2021-12-01 02:34:28 --> The framework needs the following extension(s) installed and loaded: intl.
#0 C:\xampp\htdocs\suratci\system\CodeIgniter.php(219): CodeIgniter\Exceptions\FrameworkException::forMissingExtension('intl')
#1 C:\xampp\htdocs\suratci\system\CodeIgniter.php(177): CodeIgniter\CodeIgniter->resolvePlatformExtensions()
#2 C:\xampp\htdocs\suratci\system\bootstrap.php(146): CodeIgniter\CodeIgniter->initialize()
#3 C:\xampp\htdocs\suratci\public\index.php(28): require('C:\\xampp\\htdocs...')
#4 {main}
CRITICAL - 2021-12-01 02:34:29 --> The framework needs the following extension(s) installed and loaded: intl.
#0 C:\xampp\htdocs\suratci\system\CodeIgniter.php(219): CodeIgniter\Exceptions\FrameworkException::forMissingExtension('intl')
#1 C:\xampp\htdocs\suratci\system\CodeIgniter.php(177): CodeIgniter\CodeIgniter->resolvePlatformExtensions()
#2 C:\xampp\htdocs\suratci\system\bootstrap.php(146): CodeIgniter\CodeIgniter->initialize()
#3 C:\xampp\htdocs\suratci\public\index.php(28): require('C:\\xampp\\htdocs...')
#4 {main}
CRITICAL - 2021-12-01 02:34:29 --> The framework needs the following extension(s) installed and loaded: intl.
#0 C:\xampp\htdocs\suratci\system\CodeIgniter.php(219): CodeIgniter\Exceptions\FrameworkException::forMissingExtension('intl')
#1 C:\xampp\htdocs\suratci\system\CodeIgniter.php(177): CodeIgniter\CodeIgniter->resolvePlatformExtensions()
#2 C:\xampp\htdocs\suratci\system\bootstrap.php(146): CodeIgniter\CodeIgniter->initialize()
#3 C:\xampp\htdocs\suratci\public\index.php(28): require('C:\\xampp\\htdocs...')
#4 {main}
CRITICAL - 2021-12-01 02:34:29 --> The framework needs the following extension(s) installed and loaded: intl.
#0 C:\xampp\htdocs\suratci\system\CodeIgniter.php(219): CodeIgniter\Exceptions\FrameworkException::forMissingExtension('intl')
#1 C:\xampp\htdocs\suratci\system\CodeIgniter.php(177): CodeIgniter\CodeIgniter->resolvePlatformExtensions()
#2 C:\xampp\htdocs\suratci\system\bootstrap.php(146): CodeIgniter\CodeIgniter->initialize()
#3 C:\xampp\htdocs\suratci\public\index.php(28): require('C:\\xampp\\htdocs...')
#4 {main}
CRITICAL - 2021-12-01 02:35:34 --> The framework needs the following extension(s) installed and loaded: intl.
#0 C:\xampp\htdocs\suratci\system\CodeIgniter.php(219): CodeIgniter\Exceptions\FrameworkException::forMissingExtension('intl')
#1 C:\xampp\htdocs\suratci\system\CodeIgniter.php(177): CodeIgniter\CodeIgniter->resolvePlatformExtensions()
#2 C:\xampp\htdocs\suratci\system\bootstrap.php(146): CodeIgniter\CodeIgniter->initialize()
#3 C:\xampp\htdocs\suratci\public\index.php(28): require('C:\\xampp\\htdocs...')
#4 {main}
CRITICAL - 2021-12-01 02:41:51 --> The framework needs the following extension(s) installed and loaded: intl.
#0 C:\xampp\htdocs\suratci\system\CodeIgniter.php(219): CodeIgniter\Exceptions\FrameworkException::forMissingExtension('intl')
#1 C:\xampp\htdocs\suratci\system\CodeIgniter.php(177): CodeIgniter\CodeIgniter->resolvePlatformExtensions()
#2 C:\xampp\htdocs\suratci\system\bootstrap.php(146): CodeIgniter\CodeIgniter->initialize()
#3 C:\xampp\htdocs\suratci\public\index.php(28): require('C:\\xampp\\htdocs...')
#4 {main}
CRITICAL - 2021-12-01 02:44:17 --> Call to undefined function CodeIgniter\locale_set_default()
#0 C:\xampp\htdocs\suratci\system\bootstrap.php(146): CodeIgniter\CodeIgniter->initialize()
#1 C:\xampp\htdocs\suratci\public\index.php(28): require('C:\\xampp\\htdocs...')
#2 {main}
CRITICAL - 2021-12-01 02:44:18 --> Call to undefined function CodeIgniter\locale_set_default()
#0 C:\xampp\htdocs\suratci\system\bootstrap.php(146): CodeIgniter\CodeIgniter->initialize()
#1 C:\xampp\htdocs\suratci\public\index.php(28): require('C:\\xampp\\htdocs...')
#2 {main}
CRITICAL - 2021-12-01 02:44:49 --> Call to undefined function CodeIgniter\locale_set_default()
#0 C:\xampp\htdocs\suratci\system\bootstrap.php(146): CodeIgniter\CodeIgniter->initialize()
#1 C:\xampp\htdocs\suratci\public\index.php(28): require('C:\\xampp\\htdocs...')
#2 {main}
CRITICAL - 2021-12-01 02:44:54 --> Call to undefined function CodeIgniter\locale_set_default()
#0 C:\xampp\htdocs\suratci\system\bootstrap.php(146): CodeIgniter\CodeIgniter->initialize()
#1 C:\xampp\htdocs\suratci\public\index.php(28): require('C:\\xampp\\htdocs...')
#2 {main}
CRITICAL - 2021-12-01 00:44:04 --> Invalid file: home2.php
#0 C:\xampp\htdocs\suratci\system\View\View.php(198): CodeIgniter\Exceptions\FrameworkException::forInvalidFile('home2.php')
#1 C:\xampp\htdocs\suratci\system\Common.php(1097): CodeIgniter\View\View->render('home2', Array, true)
#2 C:\xampp\htdocs\suratci\app\Controllers\Home.php(9): view('home2')
#3 C:\xampp\htdocs\suratci\system\CodeIgniter.php(824): App\Controllers\Home->index()
#4 C:\xampp\htdocs\suratci\system\CodeIgniter.php(410): CodeIgniter\CodeIgniter->runController(Object(App\Controllers\Home))
#5 C:\xampp\htdocs\suratci\system\CodeIgniter.php(318): CodeIgniter\CodeIgniter->handleRequest(NULL, Object(Config\Cache), false)
#6 C:\xampp\htdocs\suratci\public\index.php(37): CodeIgniter\CodeIgniter->run()
#7 {main}
CRITICAL - 2021-12-01 20:52:39 --> syntax error, unexpected token "/"
#0 C:\xampp\htdocs\suratci\system\View\View.php(217): CodeIgniter\View\View->CodeIgniter\View\{closure}()
#1 C:\xampp\htdocs\suratci\system\View\View.php(432): CodeIgniter\View\View->render('header', NULL, true)
#2 C:\xampp\htdocs\suratci\app\Views\home.php(1): CodeIgniter\View\View->include('header')
#3 C:\xampp\htdocs\suratci\system\View\View.php(214): include('C:\\xampp\\htdocs...')
#4 C:\xampp\htdocs\suratci\system\View\View.php(217): CodeIgniter\View\View->CodeIgniter\View\{closure}()
#5 C:\xampp\htdocs\suratci\system\Common.php(1097): CodeIgniter\View\View->render('home', Array, true)
#6 C:\xampp\htdocs\suratci\app\Controllers\Home.php(9): view('home')
#7 C:\xampp\htdocs\suratci\system\CodeIgniter.php(824): App\Controllers\Home->index()
#8 C:\xampp\htdocs\suratci\system\CodeIgniter.php(410): CodeIgniter\CodeIgniter->runController(Object(App\Controllers\Home))
#9 C:\xampp\htdocs\suratci\system\CodeIgniter.php(318): CodeIgniter\CodeIgniter->handleRequest(NULL, Object(Config\Cache), false)
#10 C:\xampp\htdocs\suratci\public\index.php(37): CodeIgniter\CodeIgniter->run()
#11 {main}
CRITICAL - 2021-12-01 20:52:47 --> syntax error, unexpected token ";"
#0 C:\xampp\htdocs\suratci\system\View\View.php(217): CodeIgniter\View\View->CodeIgniter\View\{closure}()
#1 C:\xampp\htdocs\suratci\system\View\View.php(432): CodeIgniter\View\View->render('header', NULL, true)
#2 C:\xampp\htdocs\suratci\app\Views\home.php(1): CodeIgniter\View\View->include('header')
#3 C:\xampp\htdocs\suratci\system\View\View.php(214): include('C:\\xampp\\htdocs...')
#4 C:\xampp\htdocs\suratci\system\View\View.php(217): CodeIgniter\View\View->CodeIgniter\View\{closure}()
#5 C:\xampp\htdocs\suratci\system\Common.php(1097): CodeIgniter\View\View->render('home', Array, true)
#6 C:\xampp\htdocs\suratci\app\Controllers\Home.php(9): view('home')
#7 C:\xampp\htdocs\suratci\system\CodeIgniter.php(824): App\Controllers\Home->index()
#8 C:\xampp\htdocs\suratci\system\CodeIgniter.php(410): CodeIgniter\CodeIgniter->runController(Object(App\Controllers\Home))
#9 C:\xampp\htdocs\suratci\system\CodeIgniter.php(318): CodeIgniter\CodeIgniter->handleRequest(NULL, Object(Config\Cache), false)
#10 C:\xampp\htdocs\suratci\public\index.php(37): CodeIgniter\CodeIgniter->run()
#11 {main}
CRITICAL - 2021-12-01 20:52:56 --> syntax error, unexpected token "/"
#0 C:\xampp\htdocs\suratci\system\View\View.php(217): CodeIgniter\View\View->CodeIgniter\View\{closure}()
#1 C:\xampp\htdocs\suratci\system\View\View.php(432): CodeIgniter\View\View->render('header', NULL, true)
#2 C:\xampp\htdocs\suratci\app\Views\home.php(1): CodeIgniter\View\View->include('header')
#3 C:\xampp\htdocs\suratci\system\View\View.php(214): include('C:\\xampp\\htdocs...')
#4 C:\xampp\htdocs\suratci\system\View\View.php(217): CodeIgniter\View\View->CodeIgniter\View\{closure}()
#5 C:\xampp\htdocs\suratci\system\Common.php(1097): CodeIgniter\View\View->render('home', Array, true)
#6 C:\xampp\htdocs\suratci\app\Controllers\Home.php(9): view('home')
#7 C:\xampp\htdocs\suratci\system\CodeIgniter.php(824): App\Controllers\Home->index()
#8 C:\xampp\htdocs\suratci\system\CodeIgniter.php(410): CodeIgniter\CodeIgniter->runController(Object(App\Controllers\Home))
#9 C:\xampp\htdocs\suratci\system\CodeIgniter.php(318): CodeIgniter\CodeIgniter->handleRequest(NULL, Object(Config\Cache), false)
#10 C:\xampp\htdocs\suratci\public\index.php(37): CodeIgniter\CodeIgniter->run()
#11 {main}
CRITICAL - 2021-12-01 21:28:20 --> You must set the database table to be used with your query.
#0 C:\xampp\htdocs\suratci\system\Model.php(545): CodeIgniter\Database\BaseConnection->table(NULL)
#1 C:\xampp\htdocs\suratci\system\Model.php(717): CodeIgniter\Model->builder()
#2 C:\xampp\htdocs\suratci\app\Controllers\Home.php(12): CodeIgniter\Model->__call('getData', Array)
#3 C:\xampp\htdocs\suratci\system\CodeIgniter.php(824): App\Controllers\Home->index()
#4 C:\xampp\htdocs\suratci\system\CodeIgniter.php(410): CodeIgniter\CodeIgniter->runController(Object(App\Controllers\Home))
#5 C:\xampp\htdocs\suratci\system\CodeIgniter.php(318): CodeIgniter\CodeIgniter->handleRequest(NULL, Object(Config\Cache), false)
#6 C:\xampp\htdocs\suratci\public\index.php(37): CodeIgniter\CodeIgniter->run()
#7 {main}
CRITICAL - 2021-12-01 21:34:36 --> You must set the database table to be used with your query.
#0 C:\xampp\htdocs\suratci\system\Model.php(545): CodeIgniter\Database\BaseConnection->table(NULL)
#1 C:\xampp\htdocs\suratci\system\Model.php(717): CodeIgniter\Model->builder()
#2 C:\xampp\htdocs\suratci\app\Controllers\Home.php(12): CodeIgniter\Model->__call('getData', Array)
#3 C:\xampp\htdocs\suratci\system\CodeIgniter.php(824): App\Controllers\Home->index()
#4 C:\xampp\htdocs\suratci\system\CodeIgniter.php(410): CodeIgniter\CodeIgniter->runController(Object(App\Controllers\Home))
#5 C:\xampp\htdocs\suratci\system\CodeIgniter.php(318): CodeIgniter\CodeIgniter->handleRequest(NULL, Object(Config\Cache), false)
#6 C:\xampp\htdocs\suratci\public\index.php(37): CodeIgniter\CodeIgniter->run()
#7 {main}
CRITICAL - 2021-12-01 21:39:38 --> Undefined variable $product
#0 C:\xampp\htdocs\suratci\app\Views\home.php(32): CodeIgniter\Debug\Exceptions->errorHandler(2, 'Undefined varia...', 'C:\\xampp\\htdocs...', 32)
#1 C:\xampp\htdocs\suratci\system\View\View.php(214): include('C:\\xampp\\htdocs...')
#2 C:\xampp\htdocs\suratci\system\View\View.php(217): CodeIgniter\View\View->CodeIgniter\View\{closure}()
#3 C:\xampp\htdocs\suratci\system\Common.php(1097): CodeIgniter\View\View->render('home', Array, true)
#4 C:\xampp\htdocs\suratci\app\Controllers\Home.php(13): view('home', Array)
#5 C:\xampp\htdocs\suratci\system\CodeIgniter.php(824): App\Controllers\Home->index()
#6 C:\xampp\htdocs\suratci\system\CodeIgniter.php(410): CodeIgniter\CodeIgniter->runController(Object(App\Controllers\Home))
#7 C:\xampp\htdocs\suratci\system\CodeIgniter.php(318): CodeIgniter\CodeIgniter->handleRequest(NULL, Object(Config\Cache), false)
#8 C:\xampp\htdocs\suratci\public\index.php(37): CodeIgniter\CodeIgniter->run()
#9 {main}
CRITICAL - 2021-12-01 21:39:45 --> Undefined variable $product
#0 C:\xampp\htdocs\suratci\app\Views\home.php(32): CodeIgniter\Debug\Exceptions->errorHandler(2, 'Undefined varia...', 'C:\\xampp\\htdocs...', 32)
#1 C:\xampp\htdocs\suratci\system\View\View.php(214): include('C:\\xampp\\htdocs...')
#2 C:\xampp\htdocs\suratci\system\View\View.php(217): CodeIgniter\View\View->CodeIgniter\View\{closure}()
#3 C:\xampp\htdocs\suratci\system\Common.php(1097): CodeIgniter\View\View->render('home', Array, true)
#4 C:\xampp\htdocs\suratci\app\Controllers\Home.php(13): view('home', Array)
#5 C:\xampp\htdocs\suratci\system\CodeIgniter.php(824): App\Controllers\Home->index()
#6 C:\xampp\htdocs\suratci\system\CodeIgniter.php(410): CodeIgniter\CodeIgniter->runController(Object(App\Controllers\Home))
#7 C:\xampp\htdocs\suratci\system\CodeIgniter.php(318): CodeIgniter\CodeIgniter->handleRequest(NULL, Object(Config\Cache), false)
#8 C:\xampp\htdocs\suratci\public\index.php(37): CodeIgniter\CodeIgniter->run()
#9 {main}
CRITICAL - 2021-12-01 21:40:03 --> Undefined variable $data
#0 C:\xampp\htdocs\suratci\app\Views\home.php(32): CodeIgniter\Debug\Exceptions->errorHandler(2, 'Undefined varia...', 'C:\\xampp\\htdocs...', 32)
#1 C:\xampp\htdocs\suratci\system\View\View.php(214): include('C:\\xampp\\htdocs...')
#2 C:\xampp\htdocs\suratci\system\View\View.php(217): CodeIgniter\View\View->CodeIgniter\View\{closure}()
#3 C:\xampp\htdocs\suratci\system\Common.php(1097): CodeIgniter\View\View->render('home', Array, true)
#4 C:\xampp\htdocs\suratci\app\Controllers\Home.php(13): view('home', Array)
#5 C:\xampp\htdocs\suratci\system\CodeIgniter.php(824): App\Controllers\Home->index()
#6 C:\xampp\htdocs\suratci\system\CodeIgniter.php(410): CodeIgniter\CodeIgniter->runController(Object(App\Controllers\Home))
#7 C:\xampp\htdocs\suratci\system\CodeIgniter.php(318): CodeIgniter\CodeIgniter->handleRequest(NULL, Object(Config\Cache), false)
#8 C:\xampp\htdocs\suratci\public\index.php(37): CodeIgniter\CodeIgniter->run()
#9 {main}
