CRITICAL - 2021-11-30 21:08:17 --> Undefined variable $index
#0 C:\xampp\htdocs\suratci\app\Views\home.php(57): CodeIgniter\Debug\Exceptions->errorHandler(2, 'Undefined varia...', 'C:\\xampp\\htdocs...', 57)
#1 C:\xampp\htdocs\suratci\system\View\View.php(214): include('C:\\xampp\\htdocs...')
#2 C:\xampp\htdocs\suratci\system\View\View.php(217): CodeIgniter\View\View->CodeIgniter\View\{closure}()
#3 C:\xampp\htdocs\suratci\system\Common.php(1097): CodeIgniter\View\View->render('home', Array, true)
#4 C:\xampp\htdocs\suratci\app\Controllers\Home.php(9): view('home')
#5 C:\xampp\htdocs\suratci\system\CodeIgniter.php(824): App\Controllers\Home->index()
#6 C:\xampp\htdocs\suratci\system\CodeIgniter.php(410): CodeIgniter\CodeIgniter->runController(Object(App\Controllers\Home))
#7 C:\xampp\htdocs\suratci\system\CodeIgniter.php(318): CodeIgniter\CodeIgniter->handleRequest(NULL, Object(Config\Cache), false)
#8 C:\xampp\htdocs\suratci\public\index.php(37): CodeIgniter\CodeIgniter->run()
#9 {main}
CRITICAL - 2021-11-30 21:09:02 --> Undefined variable $index
#0 C:\xampp\htdocs\suratci\app\Views\home.php(57): CodeIgniter\Debug\Exceptions->errorHandler(2, 'Undefined varia...', 'C:\\xampp\\htdocs...', 57)
#1 C:\xampp\htdocs\suratci\system\View\View.php(214): include('C:\\xampp\\htdocs...')
#2 C:\xampp\htdocs\suratci\system\View\View.php(217): CodeIgniter\View\View->CodeIgniter\View\{closure}()
#3 C:\xampp\htdocs\suratci\system\Common.php(1097): CodeIgniter\View\View->render('home', Array, true)
#4 C:\xampp\htdocs\suratci\app\Controllers\Home.php(9): view('home')
#5 C:\xampp\htdocs\suratci\system\CodeIgniter.php(824): App\Controllers\Home->index()
#6 C:\xampp\htdocs\suratci\system\CodeIgniter.php(410): CodeIgniter\CodeIgniter->runController(Object(App\Controllers\Home))
#7 C:\xampp\htdocs\suratci\system\CodeIgniter.php(318): CodeIgniter\CodeIgniter->handleRequest(NULL, Object(Config\Cache), false)
#8 C:\xampp\htdocs\suratci\public\index.php(37): CodeIgniter\CodeIgniter->run()
#9 {main}
CRITICAL - 2021-11-30 21:09:15 --> Undefined variable $index
#0 C:\xampp\htdocs\suratci\app\Views\home.php(57): CodeIgniter\Debug\Exceptions->errorHandler(2, 'Undefined varia...', 'C:\\xampp\\htdocs...', 57)
#1 C:\xampp\htdocs\suratci\system\View\View.php(214): include('C:\\xampp\\htdocs...')
#2 C:\xampp\htdocs\suratci\system\View\View.php(217): CodeIgniter\View\View->CodeIgniter\View\{closure}()
#3 C:\xampp\htdocs\suratci\system\Common.php(1097): CodeIgniter\View\View->render('home', Array, true)
#4 C:\xampp\htdocs\suratci\app\Controllers\Home.php(9): view('home')
#5 C:\xampp\htdocs\suratci\system\CodeIgniter.php(824): App\Controllers\Home->index()
#6 C:\xampp\htdocs\suratci\system\CodeIgniter.php(410): CodeIgniter\CodeIgniter->runController(Object(App\Controllers\Home))
#7 C:\xampp\htdocs\suratci\system\CodeIgniter.php(318): CodeIgniter\CodeIgniter->handleRequest(NULL, Object(Config\Cache), false)
#8 C:\xampp\htdocs\suratci\public\index.php(37): CodeIgniter\CodeIgniter->run()
#9 {main}
CRITICAL - 2021-11-30 21:10:01 --> Undefined variable $index
#0 C:\xampp\htdocs\suratci\app\Views\home.php(56): CodeIgniter\Debug\Exceptions->errorHandler(2, 'Undefined varia...', 'C:\\xampp\\htdocs...', 56)
#1 C:\xampp\htdocs\suratci\system\View\View.php(214): include('C:\\xampp\\htdocs...')
#2 C:\xampp\htdocs\suratci\system\View\View.php(217): CodeIgniter\View\View->CodeIgniter\View\{closure}()
#3 C:\xampp\htdocs\suratci\system\Common.php(1097): CodeIgniter\View\View->render('home', Array, true)
#4 C:\xampp\htdocs\suratci\app\Controllers\Home.php(9): view('home')
#5 C:\xampp\htdocs\suratci\system\CodeIgniter.php(824): App\Controllers\Home->index()
#6 C:\xampp\htdocs\suratci\system\CodeIgniter.php(410): CodeIgniter\CodeIgniter->runController(Object(App\Controllers\Home))
#7 C:\xampp\htdocs\suratci\system\CodeIgniter.php(318): CodeIgniter\CodeIgniter->handleRequest(NULL, Object(Config\Cache), false)
#8 C:\xampp\htdocs\suratci\public\index.php(37): CodeIgniter\CodeIgniter->run()
#9 {main}
CRITICAL - 2021-11-30 21:13:54 --> Undefined variable $index
#0 C:\xampp\htdocs\suratci\app\Views\home.php(58): CodeIgniter\Debug\Exceptions->errorHandler(2, 'Undefined varia...', 'C:\\xampp\\htdocs...', 58)
#1 C:\xampp\htdocs\suratci\system\View\View.php(214): include('C:\\xampp\\htdocs...')
#2 C:\xampp\htdocs\suratci\system\View\View.php(217): CodeIgniter\View\View->CodeIgniter\View\{closure}()
#3 C:\xampp\htdocs\suratci\system\Common.php(1097): CodeIgniter\View\View->render('home', Array, true)
#4 C:\xampp\htdocs\suratci\app\Controllers\Home.php(9): view('home')
#5 C:\xampp\htdocs\suratci\system\CodeIgniter.php(824): App\Controllers\Home->index()
#6 C:\xampp\htdocs\suratci\system\CodeIgniter.php(410): CodeIgniter\CodeIgniter->runController(Object(App\Controllers\Home))
#7 C:\xampp\htdocs\suratci\system\CodeIgniter.php(318): CodeIgniter\CodeIgniter->handleRequest(NULL, Object(Config\Cache), false)
#8 C:\xampp\htdocs\suratci\public\index.php(37): CodeIgniter\CodeIgniter->run()
#9 {main}
CRITICAL - 2021-11-30 21:14:37 --> Undefined property: CodeIgniter\View\View::$session
#0 C:\xampp\htdocs\suratci\app\Views\home.php(66): CodeIgniter\Debug\Exceptions->errorHandler(2, 'Undefined prope...', 'C:\\xampp\\htdocs...', 66)
#1 C:\xampp\htdocs\suratci\system\View\View.php(214): include('C:\\xampp\\htdocs...')
#2 C:\xampp\htdocs\suratci\system\View\View.php(217): CodeIgniter\View\View->CodeIgniter\View\{closure}()
#3 C:\xampp\htdocs\suratci\system\Common.php(1097): CodeIgniter\View\View->render('home', Array, true)
#4 C:\xampp\htdocs\suratci\app\Controllers\Home.php(9): view('home')
#5 C:\xampp\htdocs\suratci\system\CodeIgniter.php(824): App\Controllers\Home->index()
#6 C:\xampp\htdocs\suratci\system\CodeIgniter.php(410): CodeIgniter\CodeIgniter->runController(Object(App\Controllers\Home))
#7 C:\xampp\htdocs\suratci\system\CodeIgniter.php(318): CodeIgniter\CodeIgniter->handleRequest(NULL, Object(Config\Cache), false)
#8 C:\xampp\htdocs\suratci\public\index.php(37): CodeIgniter\CodeIgniter->run()
#9 {main}
CRITICAL - 2021-11-30 22:09:45 --> Undefined variable $suratin
#0 C:\xampp\htdocs\suratci\app\Views\home.php(13): CodeIgniter\Debug\Exceptions->errorHandler(2, 'Undefined varia...', 'C:\\xampp\\htdocs...', 13)
#1 C:\xampp\htdocs\suratci\system\View\View.php(214): include('C:\\xampp\\htdocs...')
#2 C:\xampp\htdocs\suratci\system\View\View.php(217): CodeIgniter\View\View->CodeIgniter\View\{closure}()
#3 C:\xampp\htdocs\suratci\system\Common.php(1097): CodeIgniter\View\View->render('home', Array, true)
#4 C:\xampp\htdocs\suratci\app\Controllers\Home.php(9): view('home')
#5 C:\xampp\htdocs\suratci\system\CodeIgniter.php(824): App\Controllers\Home->index()
#6 C:\xampp\htdocs\suratci\system\CodeIgniter.php(410): CodeIgniter\CodeIgniter->runController(Object(App\Controllers\Home))
#7 C:\xampp\htdocs\suratci\system\CodeIgniter.php(318): CodeIgniter\CodeIgniter->handleRequest(NULL, Object(Config\Cache), false)
#8 C:\xampp\htdocs\suratci\public\index.php(37): CodeIgniter\CodeIgniter->run()
#9 {main}
CRITICAL - 2021-11-30 22:14:02 --> Undefined variable $suratin
#0 C:\xampp\htdocs\suratci\app\Views\home.php(13): CodeIgniter\Debug\Exceptions->errorHandler(2, 'Undefined varia...', 'C:\\xampp\\htdocs...', 13)
#1 C:\xampp\htdocs\suratci\system\View\View.php(214): include('C:\\xampp\\htdocs...')
#2 C:\xampp\htdocs\suratci\system\View\View.php(217): CodeIgniter\View\View->CodeIgniter\View\{closure}()
#3 C:\xampp\htdocs\suratci\system\Common.php(1097): CodeIgniter\View\View->render('home', Array, true)
#4 C:\xampp\htdocs\suratci\app\Controllers\Home.php(9): view('home')
#5 C:\xampp\htdocs\suratci\system\CodeIgniter.php(824): App\Controllers\Home->index()
#6 C:\xampp\htdocs\suratci\system\CodeIgniter.php(410): CodeIgniter\CodeIgniter->runController(Object(App\Controllers\Home))
#7 C:\xampp\htdocs\suratci\system\CodeIgniter.php(318): CodeIgniter\CodeIgniter->handleRequest(NULL, Object(Config\Cache), false)
#8 C:\xampp\htdocs\suratci\public\index.php(37): CodeIgniter\CodeIgniter->run()
#9 {main}
CRITICAL - 2021-11-30 22:14:03 --> Undefined variable $suratin
#0 C:\xampp\htdocs\suratci\app\Views\home.php(13): CodeIgniter\Debug\Exceptions->errorHandler(2, 'Undefined varia...', 'C:\\xampp\\htdocs...', 13)
#1 C:\xampp\htdocs\suratci\system\View\View.php(214): include('C:\\xampp\\htdocs...')
#2 C:\xampp\htdocs\suratci\system\View\View.php(217): CodeIgniter\View\View->CodeIgniter\View\{closure}()
#3 C:\xampp\htdocs\suratci\system\Common.php(1097): CodeIgniter\View\View->render('home', Array, true)
#4 C:\xampp\htdocs\suratci\app\Controllers\Home.php(9): view('home')
#5 C:\xampp\htdocs\suratci\system\CodeIgniter.php(824): App\Controllers\Home->index()
#6 C:\xampp\htdocs\suratci\system\CodeIgniter.php(410): CodeIgniter\CodeIgniter->runController(Object(App\Controllers\Home))
#7 C:\xampp\htdocs\suratci\system\CodeIgniter.php(318): CodeIgniter\CodeIgniter->handleRequest(NULL, Object(Config\Cache), false)
#8 C:\xampp\htdocs\suratci\public\index.php(37): CodeIgniter\CodeIgniter->run()
#9 {main}
CRITICAL - 2021-11-30 22:14:22 --> Undefined variable $suratin
#0 C:\xampp\htdocs\suratci\app\Views\home.php(13): CodeIgniter\Debug\Exceptions->errorHandler(2, 'Undefined varia...', 'C:\\xampp\\htdocs...', 13)
#1 C:\xampp\htdocs\suratci\system\View\View.php(214): include('C:\\xampp\\htdocs...')
#2 C:\xampp\htdocs\suratci\system\View\View.php(217): CodeIgniter\View\View->CodeIgniter\View\{closure}()
#3 C:\xampp\htdocs\suratci\system\Common.php(1097): CodeIgniter\View\View->render('home', Array, true)
#4 C:\xampp\htdocs\suratci\app\Controllers\Home.php(9): view('home')
#5 C:\xampp\htdocs\suratci\system\CodeIgniter.php(824): App\Controllers\Home->index()
#6 C:\xampp\htdocs\suratci\system\CodeIgniter.php(410): CodeIgniter\CodeIgniter->runController(Object(App\Controllers\Home))
#7 C:\xampp\htdocs\suratci\system\CodeIgniter.php(318): CodeIgniter\CodeIgniter->handleRequest(NULL, Object(Config\Cache), false)
#8 C:\xampp\htdocs\suratci\public\index.php(37): CodeIgniter\CodeIgniter->run()
#9 {main}
CRITICAL - 2021-11-30 22:14:50 --> Undefined variable $suratin
#0 C:\xampp\htdocs\suratci\app\Views\home.php(13): CodeIgniter\Debug\Exceptions->errorHandler(2, 'Undefined varia...', 'C:\\xampp\\htdocs...', 13)
#1 C:\xampp\htdocs\suratci\system\View\View.php(214): include('C:\\xampp\\htdocs...')
#2 C:\xampp\htdocs\suratci\system\View\View.php(217): CodeIgniter\View\View->CodeIgniter\View\{closure}()
#3 C:\xampp\htdocs\suratci\system\Common.php(1097): CodeIgniter\View\View->render('home', Array, true)
#4 C:\xampp\htdocs\suratci\app\Controllers\Home.php(9): view('home')
#5 C:\xampp\htdocs\suratci\system\CodeIgniter.php(824): App\Controllers\Home->index()
#6 C:\xampp\htdocs\suratci\system\CodeIgniter.php(410): CodeIgniter\CodeIgniter->runController(Object(App\Controllers\Home))
#7 C:\xampp\htdocs\suratci\system\CodeIgniter.php(318): CodeIgniter\CodeIgniter->handleRequest(NULL, Object(Config\Cache), false)
#8 C:\xampp\htdocs\suratci\public\index.php(37): CodeIgniter\CodeIgniter->run()
#9 {main}
CRITICAL - 2021-11-30 22:14:51 --> Undefined variable $suratin
#0 C:\xampp\htdocs\suratci\app\Views\home.php(13): CodeIgniter\Debug\Exceptions->errorHandler(2, 'Undefined varia...', 'C:\\xampp\\htdocs...', 13)
#1 C:\xampp\htdocs\suratci\system\View\View.php(214): include('C:\\xampp\\htdocs...')
#2 C:\xampp\htdocs\suratci\system\View\View.php(217): CodeIgniter\View\View->CodeIgniter\View\{closure}()
#3 C:\xampp\htdocs\suratci\system\Common.php(1097): CodeIgniter\View\View->render('home', Array, true)
#4 C:\xampp\htdocs\suratci\app\Controllers\Home.php(9): view('home')
#5 C:\xampp\htdocs\suratci\system\CodeIgniter.php(824): App\Controllers\Home->index()
#6 C:\xampp\htdocs\suratci\system\CodeIgniter.php(410): CodeIgniter\CodeIgniter->runController(Object(App\Controllers\Home))
#7 C:\xampp\htdocs\suratci\system\CodeIgniter.php(318): CodeIgniter\CodeIgniter->handleRequest(NULL, Object(Config\Cache), false)
#8 C:\xampp\htdocs\suratci\public\index.php(37): CodeIgniter\CodeIgniter->run()
#9 {main}
CRITICAL - 2021-11-30 22:15:16 --> Undefined variable $suratin
#0 C:\xampp\htdocs\suratci\app\Views\home.php(13): CodeIgniter\Debug\Exceptions->errorHandler(2, 'Undefined varia...', 'C:\\xampp\\htdocs...', 13)
#1 C:\xampp\htdocs\suratci\system\View\View.php(214): include('C:\\xampp\\htdocs...')
#2 C:\xampp\htdocs\suratci\system\View\View.php(217): CodeIgniter\View\View->CodeIgniter\View\{closure}()
#3 C:\xampp\htdocs\suratci\system\Common.php(1097): CodeIgniter\View\View->render('home', Array, true)
#4 C:\xampp\htdocs\suratci\app\Controllers\Home.php(9): view('home')
#5 C:\xampp\htdocs\suratci\system\CodeIgniter.php(824): App\Controllers\Home->index()
#6 C:\xampp\htdocs\suratci\system\CodeIgniter.php(410): CodeIgniter\CodeIgniter->runController(Object(App\Controllers\Home))
#7 C:\xampp\htdocs\suratci\system\CodeIgniter.php(318): CodeIgniter\CodeIgniter->handleRequest(NULL, Object(Config\Cache), false)
#8 C:\xampp\htdocs\suratci\public\index.php(37): CodeIgniter\CodeIgniter->run()
#9 {main}
CRITICAL - 2021-11-30 22:15:47 --> Undefined variable $suratin
#0 C:\xampp\htdocs\suratci\app\Views\home.php(13): CodeIgniter\Debug\Exceptions->errorHandler(2, 'Undefined varia...', 'C:\\xampp\\htdocs...', 13)
#1 C:\xampp\htdocs\suratci\system\View\View.php(214): include('C:\\xampp\\htdocs...')
#2 C:\xampp\htdocs\suratci\system\View\View.php(217): CodeIgniter\View\View->CodeIgniter\View\{closure}()
#3 C:\xampp\htdocs\suratci\system\Common.php(1097): CodeIgniter\View\View->render('home', Array, true)
#4 C:\xampp\htdocs\suratci\app\Controllers\Home.php(9): view('home')
#5 C:\xampp\htdocs\suratci\system\CodeIgniter.php(824): App\Controllers\Home->index()
#6 C:\xampp\htdocs\suratci\system\CodeIgniter.php(410): CodeIgniter\CodeIgniter->runController(Object(App\Controllers\Home))
#7 C:\xampp\htdocs\suratci\system\CodeIgniter.php(318): CodeIgniter\CodeIgniter->handleRequest(NULL, Object(Config\Cache), false)
#8 C:\xampp\htdocs\suratci\public\index.php(37): CodeIgniter\CodeIgniter->run()
#9 {main}
CRITICAL - 2021-11-30 22:16:23 --> Undefined variable $index
#0 C:\xampp\htdocs\suratci\app\Views\home.php(13): CodeIgniter\Debug\Exceptions->errorHandler(2, 'Undefined varia...', 'C:\\xampp\\htdocs...', 13)
#1 C:\xampp\htdocs\suratci\system\View\View.php(214): include('C:\\xampp\\htdocs...')
#2 C:\xampp\htdocs\suratci\system\View\View.php(217): CodeIgniter\View\View->CodeIgniter\View\{closure}()
#3 C:\xampp\htdocs\suratci\system\Common.php(1097): CodeIgniter\View\View->render('home', Array, true)
#4 C:\xampp\htdocs\suratci\app\Controllers\Home.php(9): view('home')
#5 C:\xampp\htdocs\suratci\system\CodeIgniter.php(824): App\Controllers\Home->index()
#6 C:\xampp\htdocs\suratci\system\CodeIgniter.php(410): CodeIgniter\CodeIgniter->runController(Object(App\Controllers\Home))
#7 C:\xampp\htdocs\suratci\system\CodeIgniter.php(318): CodeIgniter\CodeIgniter->handleRequest(NULL, Object(Config\Cache), false)
#8 C:\xampp\htdocs\suratci\public\index.php(37): CodeIgniter\CodeIgniter->run()
#9 {main}
