CRITICAL - 2021-12-08 00:15:31 --> finfo_file(C:\xampp\tmp\phpEDF8.tmp): Failed to open stream: No such file or directory
#0 [internal function]: CodeIgniter\Debug\Exceptions->errorHandler(2, 'finfo_file(C:\\x...', 'C:\\xampp\\htdocs...', 109)
#1 C:\xampp\htdocs\suratci\system\Files\File.php(109): finfo_file(Resource id #150, 'C:\\xampp\\tmp\\ph...')
#2 C:\xampp\htdocs\suratci\system\HTTP\Files\UploadedFile.php(297): CodeIgniter\Files\File->getMimeType()
#3 C:\xampp\htdocs\suratci\system\HTTP\Files\UploadedFile.php(286): CodeIgniter\HTTP\Files\UploadedFile->guessExtension()
#4 C:\xampp\htdocs\suratci\app\Controllers\Surat_In.php(70): CodeIgniter\HTTP\Files\UploadedFile->getExtension()
#5 C:\xampp\htdocs\suratci\system\CodeIgniter.php(824): App\Controllers\Surat_In->simpan()
#6 C:\xampp\htdocs\suratci\system\CodeIgniter.php(410): CodeIgniter\CodeIgniter->runController(Object(App\Controllers\Surat_In))
#7 C:\xampp\htdocs\suratci\system\CodeIgniter.php(318): CodeIgniter\CodeIgniter->handleRequest(NULL, Object(Config\Cache), false)
#8 C:\xampp\htdocs\suratci\public\index.php(37): CodeIgniter\CodeIgniter->run()
#9 {main}
CRITICAL - 2021-12-08 00:24:18 --> finfo_file(C:\xampp\tmp\phpF6CC.tmp): Failed to open stream: No such file or directory
#0 [internal function]: CodeIgniter\Debug\Exceptions->errorHandler(2, 'finfo_file(C:\\x...', 'C:\\xampp\\htdocs...', 109)
#1 C:\xampp\htdocs\suratci\system\Files\File.php(109): finfo_file(Resource id #150, 'C:\\xampp\\tmp\\ph...')
#2 C:\xampp\htdocs\suratci\system\HTTP\Files\UploadedFile.php(297): CodeIgniter\Files\File->getMimeType()
#3 C:\xampp\htdocs\suratci\system\HTTP\Files\UploadedFile.php(286): CodeIgniter\HTTP\Files\UploadedFile->guessExtension()
#4 C:\xampp\htdocs\suratci\app\Controllers\Surat_In.php(70): CodeIgniter\HTTP\Files\UploadedFile->getExtension()
#5 C:\xampp\htdocs\suratci\system\CodeIgniter.php(824): App\Controllers\Surat_In->simpan()
#6 C:\xampp\htdocs\suratci\system\CodeIgniter.php(410): CodeIgniter\CodeIgniter->runController(Object(App\Controllers\Surat_In))
#7 C:\xampp\htdocs\suratci\system\CodeIgniter.php(318): CodeIgniter\CodeIgniter->handleRequest(NULL, Object(Config\Cache), false)
#8 C:\xampp\htdocs\suratci\public\index.php(37): CodeIgniter\CodeIgniter->run()
#9 {main}
CRITICAL - 2021-12-08 00:24:53 --> mkdir(): Permission denied
#0 [internal function]: CodeIgniter\Debug\Exceptions->errorHandler(2, 'mkdir(): Permis...', 'C:\\xampp\\htdocs...', 171)
#1 C:\xampp\htdocs\suratci\system\HTTP\Files\UploadedFile.php(171): mkdir('xampp/tmp /file...', 511, true)
#2 C:\xampp\htdocs\suratci\system\HTTP\Files\UploadedFile.php(130): CodeIgniter\HTTP\Files\UploadedFile->setPath('xampp/tmp /file...')
#3 C:\xampp\htdocs\suratci\app\Controllers\Surat_In.php(63): CodeIgniter\HTTP\Files\UploadedFile->move('xampp/tmp /file...')
#4 C:\xampp\htdocs\suratci\system\CodeIgniter.php(824): App\Controllers\Surat_In->simpan()
#5 C:\xampp\htdocs\suratci\system\CodeIgniter.php(410): CodeIgniter\CodeIgniter->runController(Object(App\Controllers\Surat_In))
#6 C:\xampp\htdocs\suratci\system\CodeIgniter.php(318): CodeIgniter\CodeIgniter->handleRequest(NULL, Object(Config\Cache), false)
#7 C:\xampp\htdocs\suratci\public\index.php(37): CodeIgniter\CodeIgniter->run()
#8 {main}
CRITICAL - 2021-12-08 00:26:18 --> finfo_file(C:\xampp\tmp\phpCB8E.tmp): Failed to open stream: No such file or directory
#0 [internal function]: CodeIgniter\Debug\Exceptions->errorHandler(2, 'finfo_file(C:\\x...', 'C:\\xampp\\htdocs...', 109)
#1 C:\xampp\htdocs\suratci\system\Files\File.php(109): finfo_file(Resource id #151, 'C:\\xampp\\tmp\\ph...')
#2 C:\xampp\htdocs\suratci\system\HTTP\Files\UploadedFile.php(297): CodeIgniter\Files\File->getMimeType()
#3 C:\xampp\htdocs\suratci\system\HTTP\Files\UploadedFile.php(286): CodeIgniter\HTTP\Files\UploadedFile->guessExtension()
#4 C:\xampp\htdocs\suratci\app\Controllers\Surat_In.php(70): CodeIgniter\HTTP\Files\UploadedFile->getExtension()
#5 C:\xampp\htdocs\suratci\system\CodeIgniter.php(824): App\Controllers\Surat_In->simpan()
#6 C:\xampp\htdocs\suratci\system\CodeIgniter.php(410): CodeIgniter\CodeIgniter->runController(Object(App\Controllers\Surat_In))
#7 C:\xampp\htdocs\suratci\system\CodeIgniter.php(318): CodeIgniter\CodeIgniter->handleRequest(NULL, Object(Config\Cache), false)
#8 C:\xampp\htdocs\suratci\public\index.php(37): CodeIgniter\CodeIgniter->run()
#9 {main}
CRITICAL - 2021-12-08 00:32:36 --> syntax error, unexpected token "/", expecting ")"
#0 C:\xampp\htdocs\suratci\system\Router\Router.php(176): CodeIgniter\Router\Router->autoRoute('surat_in/simpan')
#1 C:\xampp\htdocs\suratci\system\CodeIgniter.php(718): CodeIgniter\Router\Router->handle('surat_in/simpan')
#2 C:\xampp\htdocs\suratci\system\CodeIgniter.php(359): CodeIgniter\CodeIgniter->tryToRouteIt(Object(CodeIgniter\Router\RouteCollection))
#3 C:\xampp\htdocs\suratci\system\CodeIgniter.php(318): CodeIgniter\CodeIgniter->handleRequest(NULL, Object(Config\Cache), false)
#4 C:\xampp\htdocs\suratci\public\index.php(37): CodeIgniter\CodeIgniter->run()
#5 {main}
CRITICAL - 2021-12-08 00:32:51 --> finfo_file(C:\xampp\tmp\phpCBE2.tmp): Failed to open stream: No such file or directory
#0 [internal function]: CodeIgniter\Debug\Exceptions->errorHandler(2, 'finfo_file(C:\\x...', 'C:\\xampp\\htdocs...', 109)
#1 C:\xampp\htdocs\suratci\system\Files\File.php(109): finfo_file(Resource id #150, 'C:\\xampp\\tmp\\ph...')
#2 C:\xampp\htdocs\suratci\system\HTTP\Files\UploadedFile.php(297): CodeIgniter\Files\File->getMimeType()
#3 C:\xampp\htdocs\suratci\system\HTTP\Files\UploadedFile.php(286): CodeIgniter\HTTP\Files\UploadedFile->guessExtension()
#4 C:\xampp\htdocs\suratci\app\Controllers\Surat_In.php(70): CodeIgniter\HTTP\Files\UploadedFile->getExtension()
#5 C:\xampp\htdocs\suratci\system\CodeIgniter.php(824): App\Controllers\Surat_In->simpan()
#6 C:\xampp\htdocs\suratci\system\CodeIgniter.php(410): CodeIgniter\CodeIgniter->runController(Object(App\Controllers\Surat_In))
#7 C:\xampp\htdocs\suratci\system\CodeIgniter.php(318): CodeIgniter\CodeIgniter->handleRequest(NULL, Object(Config\Cache), false)
#8 C:\xampp\htdocs\suratci\public\index.php(37): CodeIgniter\CodeIgniter->run()
#9 {main}
CRITICAL - 2021-12-08 00:33:42 --> finfo_file(C:\xampp\tmp\php93B7.tmp): Failed to open stream: No such file or directory
#0 [internal function]: CodeIgniter\Debug\Exceptions->errorHandler(2, 'finfo_file(C:\\x...', 'C:\\xampp\\htdocs...', 109)
#1 C:\xampp\htdocs\suratci\system\Files\File.php(109): finfo_file(Resource id #150, 'C:\\xampp\\tmp\\ph...')
#2 C:\xampp\htdocs\suratci\system\HTTP\Files\UploadedFile.php(297): CodeIgniter\Files\File->getMimeType()
#3 C:\xampp\htdocs\suratci\system\HTTP\Files\UploadedFile.php(286): CodeIgniter\HTTP\Files\UploadedFile->guessExtension()
#4 C:\xampp\htdocs\suratci\app\Controllers\Surat_In.php(70): CodeIgniter\HTTP\Files\UploadedFile->getExtension()
#5 C:\xampp\htdocs\suratci\system\CodeIgniter.php(824): App\Controllers\Surat_In->simpan()
#6 C:\xampp\htdocs\suratci\system\CodeIgniter.php(410): CodeIgniter\CodeIgniter->runController(Object(App\Controllers\Surat_In))
#7 C:\xampp\htdocs\suratci\system\CodeIgniter.php(318): CodeIgniter\CodeIgniter->handleRequest(NULL, Object(Config\Cache), false)
#8 C:\xampp\htdocs\suratci\public\index.php(37): CodeIgniter\CodeIgniter->run()
#9 {main}
CRITICAL - 2021-12-08 00:34:22 --> finfo_file(C:\xampp\tmp\php2E72.tmp): Failed to open stream: No such file or directory
#0 [internal function]: CodeIgniter\Debug\Exceptions->errorHandler(2, 'finfo_file(C:\\x...', 'C:\\xampp\\htdocs...', 109)
#1 C:\xampp\htdocs\suratci\system\Files\File.php(109): finfo_file(Resource id #150, 'C:\\xampp\\tmp\\ph...')
#2 C:\xampp\htdocs\suratci\system\HTTP\Files\UploadedFile.php(297): CodeIgniter\Files\File->getMimeType()
#3 C:\xampp\htdocs\suratci\system\HTTP\Files\UploadedFile.php(286): CodeIgniter\HTTP\Files\UploadedFile->guessExtension()
#4 C:\xampp\htdocs\suratci\app\Controllers\Surat_In.php(70): CodeIgniter\HTTP\Files\UploadedFile->getExtension()
#5 C:\xampp\htdocs\suratci\system\CodeIgniter.php(824): App\Controllers\Surat_In->simpan()
#6 C:\xampp\htdocs\suratci\system\CodeIgniter.php(410): CodeIgniter\CodeIgniter->runController(Object(App\Controllers\Surat_In))
#7 C:\xampp\htdocs\suratci\system\CodeIgniter.php(318): CodeIgniter\CodeIgniter->handleRequest(NULL, Object(Config\Cache), false)
#8 C:\xampp\htdocs\suratci\public\index.php(37): CodeIgniter\CodeIgniter->run()
#9 {main}
CRITICAL - 2021-12-08 00:40:04 --> finfo_file(C:\xampp\tmp\php679D.tmp): Failed to open stream: No such file or directory
#0 [internal function]: CodeIgniter\Debug\Exceptions->errorHandler(2, 'finfo_file(C:\\x...', 'C:\\xampp\\htdocs...', 109)
#1 C:\xampp\htdocs\suratci\system\Files\File.php(109): finfo_file(Resource id #150, 'C:\\xampp\\tmp\\ph...')
#2 C:\xampp\htdocs\suratci\system\HTTP\Files\UploadedFile.php(297): CodeIgniter\Files\File->getMimeType()
#3 C:\xampp\htdocs\suratci\system\HTTP\Files\UploadedFile.php(286): CodeIgniter\HTTP\Files\UploadedFile->guessExtension()
#4 C:\xampp\htdocs\suratci\app\Controllers\Surat_In.php(71): CodeIgniter\HTTP\Files\UploadedFile->getExtension()
#5 C:\xampp\htdocs\suratci\system\CodeIgniter.php(824): App\Controllers\Surat_In->simpan()
#6 C:\xampp\htdocs\suratci\system\CodeIgniter.php(410): CodeIgniter\CodeIgniter->runController(Object(App\Controllers\Surat_In))
#7 C:\xampp\htdocs\suratci\system\CodeIgniter.php(318): CodeIgniter\CodeIgniter->handleRequest(NULL, Object(Config\Cache), false)
#8 C:\xampp\htdocs\suratci\public\index.php(37): CodeIgniter\CodeIgniter->run()
#9 {main}
CRITICAL - 2021-12-08 00:41:49 --> finfo_file(C:\xampp\tmp\phpFEE1.tmp): Failed to open stream: No such file or directory
#0 [internal function]: CodeIgniter\Debug\Exceptions->errorHandler(2, 'finfo_file(C:\\x...', 'C:\\xampp\\htdocs...', 109)
#1 C:\xampp\htdocs\suratci\system\Files\File.php(109): finfo_file(Resource id #150, 'C:\\xampp\\tmp\\ph...')
#2 C:\xampp\htdocs\suratci\system\HTTP\Files\UploadedFile.php(297): CodeIgniter\Files\File->getMimeType()
#3 C:\xampp\htdocs\suratci\system\HTTP\Files\UploadedFile.php(286): CodeIgniter\HTTP\Files\UploadedFile->guessExtension()
#4 C:\xampp\htdocs\suratci\app\Controllers\Surat_In.php(71): CodeIgniter\HTTP\Files\UploadedFile->getExtension()
#5 C:\xampp\htdocs\suratci\system\CodeIgniter.php(824): App\Controllers\Surat_In->simpan()
#6 C:\xampp\htdocs\suratci\system\CodeIgniter.php(410): CodeIgniter\CodeIgniter->runController(Object(App\Controllers\Surat_In))
#7 C:\xampp\htdocs\suratci\system\CodeIgniter.php(318): CodeIgniter\CodeIgniter->handleRequest(NULL, Object(Config\Cache), false)
#8 C:\xampp\htdocs\suratci\public\index.php(37): CodeIgniter\CodeIgniter->run()
#9 {main}
CRITICAL - 2021-12-08 00:44:23 --> finfo_file(C:\xampp\tmp\php5B8D.tmp): Failed to open stream: No such file or directory
#0 [internal function]: CodeIgniter\Debug\Exceptions->errorHandler(2, 'finfo_file(C:\\x...', 'C:\\xampp\\htdocs...', 109)
#1 C:\xampp\htdocs\suratci\system\Files\File.php(109): finfo_file(Resource id #150, 'C:\\xampp\\tmp\\ph...')
#2 C:\xampp\htdocs\suratci\system\HTTP\Files\UploadedFile.php(297): CodeIgniter\Files\File->getMimeType()
#3 C:\xampp\htdocs\suratci\system\HTTP\Files\UploadedFile.php(286): CodeIgniter\HTTP\Files\UploadedFile->guessExtension()
#4 C:\xampp\htdocs\suratci\app\Controllers\Surat_In.php(71): CodeIgniter\HTTP\Files\UploadedFile->getExtension()
#5 C:\xampp\htdocs\suratci\system\CodeIgniter.php(824): App\Controllers\Surat_In->simpan()
#6 C:\xampp\htdocs\suratci\system\CodeIgniter.php(410): CodeIgniter\CodeIgniter->runController(Object(App\Controllers\Surat_In))
#7 C:\xampp\htdocs\suratci\system\CodeIgniter.php(318): CodeIgniter\CodeIgniter->handleRequest(NULL, Object(Config\Cache), false)
#8 C:\xampp\htdocs\suratci\public\index.php(37): CodeIgniter\CodeIgniter->run()
#9 {main}
CRITICAL - 2021-12-08 00:47:22 --> finfo_file(C:\xampp\tmp\php14B6.tmp): Failed to open stream: No such file or directory
#0 [internal function]: CodeIgniter\Debug\Exceptions->errorHandler(2, 'finfo_file(C:\\x...', 'C:\\xampp\\htdocs...', 109)
#1 C:\xampp\htdocs\suratci\system\Files\File.php(109): finfo_file(Resource id #150, 'C:\\xampp\\tmp\\ph...')
#2 C:\xampp\htdocs\suratci\system\HTTP\Files\UploadedFile.php(297): CodeIgniter\Files\File->getMimeType()
#3 C:\xampp\htdocs\suratci\system\HTTP\Files\UploadedFile.php(286): CodeIgniter\HTTP\Files\UploadedFile->guessExtension()
#4 C:\xampp\htdocs\suratci\app\Controllers\Surat_In.php(71): CodeIgniter\HTTP\Files\UploadedFile->getExtension()
#5 C:\xampp\htdocs\suratci\system\CodeIgniter.php(824): App\Controllers\Surat_In->simpan()
#6 C:\xampp\htdocs\suratci\system\CodeIgniter.php(410): CodeIgniter\CodeIgniter->runController(Object(App\Controllers\Surat_In))
#7 C:\xampp\htdocs\suratci\system\CodeIgniter.php(318): CodeIgniter\CodeIgniter->handleRequest(NULL, Object(Config\Cache), false)
#8 C:\xampp\htdocs\suratci\public\index.php(37): CodeIgniter\CodeIgniter->run()
#9 {main}
CRITICAL - 2021-12-08 00:47:43 --> finfo_file(C:\xampp\tmp\php67B9.tmp): Failed to open stream: No such file or directory
#0 [internal function]: CodeIgniter\Debug\Exceptions->errorHandler(2, 'finfo_file(C:\\x...', 'C:\\xampp\\htdocs...', 109)
#1 C:\xampp\htdocs\suratci\system\Files\File.php(109): finfo_file(Resource id #150, 'C:\\xampp\\tmp\\ph...')
#2 C:\xampp\htdocs\suratci\system\HTTP\Files\UploadedFile.php(297): CodeIgniter\Files\File->getMimeType()
#3 C:\xampp\htdocs\suratci\system\HTTP\Files\UploadedFile.php(286): CodeIgniter\HTTP\Files\UploadedFile->guessExtension()
#4 C:\xampp\htdocs\suratci\app\Controllers\Surat_In.php(71): CodeIgniter\HTTP\Files\UploadedFile->getExtension()
#5 C:\xampp\htdocs\suratci\system\CodeIgniter.php(824): App\Controllers\Surat_In->simpan()
#6 C:\xampp\htdocs\suratci\system\CodeIgniter.php(410): CodeIgniter\CodeIgniter->runController(Object(App\Controllers\Surat_In))
#7 C:\xampp\htdocs\suratci\system\CodeIgniter.php(318): CodeIgniter\CodeIgniter->handleRequest(NULL, Object(Config\Cache), false)
#8 C:\xampp\htdocs\suratci\public\index.php(37): CodeIgniter\CodeIgniter->run()
#9 {main}
CRITICAL - 2021-12-08 00:48:53 --> finfo_file(C:\xampp\tmp\php7964.tmp): Failed to open stream: No such file or directory
#0 [internal function]: CodeIgniter\Debug\Exceptions->errorHandler(2, 'finfo_file(C:\\x...', 'C:\\xampp\\htdocs...', 109)
#1 C:\xampp\htdocs\suratci\system\Files\File.php(109): finfo_file(Resource id #148, 'C:\\xampp\\tmp\\ph...')
#2 C:\xampp\htdocs\suratci\system\HTTP\Files\UploadedFile.php(297): CodeIgniter\Files\File->getMimeType()
#3 C:\xampp\htdocs\suratci\system\HTTP\Files\UploadedFile.php(286): CodeIgniter\HTTP\Files\UploadedFile->guessExtension()
#4 C:\xampp\htdocs\suratci\system\Files\File.php(121): CodeIgniter\HTTP\Files\UploadedFile->getExtension()
#5 C:\xampp\htdocs\suratci\app\Controllers\Surat_In.php(61): CodeIgniter\Files\File->getRandomName()
#6 C:\xampp\htdocs\suratci\system\CodeIgniter.php(824): App\Controllers\Surat_In->simpan()
#7 C:\xampp\htdocs\suratci\system\CodeIgniter.php(410): CodeIgniter\CodeIgniter->runController(Object(App\Controllers\Surat_In))
#8 C:\xampp\htdocs\suratci\system\CodeIgniter.php(318): CodeIgniter\CodeIgniter->handleRequest(NULL, Object(Config\Cache), false)
#9 C:\xampp\htdocs\suratci\public\index.php(37): CodeIgniter\CodeIgniter->run()
#10 {main}
CRITICAL - 2021-12-08 00:53:40 --> finfo_file(C:\xampp\tmp\phpDA9C.tmp): Failed to open stream: No such file or directory
#0 [internal function]: CodeIgniter\Debug\Exceptions->errorHandler(2, 'finfo_file(C:\\x...', 'C:\\xampp\\htdocs...', 109)
#1 C:\xampp\htdocs\suratci\system\Files\File.php(109): finfo_file(Resource id #153, 'C:\\xampp\\tmp\\ph...')
#2 C:\xampp\htdocs\suratci\system\HTTP\Files\UploadedFile.php(297): CodeIgniter\Files\File->getMimeType()
#3 C:\xampp\htdocs\suratci\system\HTTP\Files\UploadedFile.php(286): CodeIgniter\HTTP\Files\UploadedFile->guessExtension()
#4 C:\xampp\htdocs\suratci\app\Controllers\Surat_In.php(71): CodeIgniter\HTTP\Files\UploadedFile->getExtension()
#5 C:\xampp\htdocs\suratci\system\CodeIgniter.php(824): App\Controllers\Surat_In->simpan()
#6 C:\xampp\htdocs\suratci\system\CodeIgniter.php(410): CodeIgniter\CodeIgniter->runController(Object(App\Controllers\Surat_In))
#7 C:\xampp\htdocs\suratci\system\CodeIgniter.php(318): CodeIgniter\CodeIgniter->handleRequest(NULL, Object(Config\Cache), false)
#8 C:\xampp\htdocs\suratci\public\index.php(37): CodeIgniter\CodeIgniter->run()
#9 {main}
CRITICAL - 2021-12-08 00:54:21 --> finfo_file(C:\xampp\tmp\php798D.tmp): Failed to open stream: No such file or directory
#0 [internal function]: CodeIgniter\Debug\Exceptions->errorHandler(2, 'finfo_file(C:\\x...', 'C:\\xampp\\htdocs...', 109)
#1 C:\xampp\htdocs\suratci\system\Files\File.php(109): finfo_file(Resource id #150, 'C:\\xampp\\tmp\\ph...')
#2 C:\xampp\htdocs\suratci\system\HTTP\Files\UploadedFile.php(297): CodeIgniter\Files\File->getMimeType()
#3 C:\xampp\htdocs\suratci\system\HTTP\Files\UploadedFile.php(286): CodeIgniter\HTTP\Files\UploadedFile->guessExtension()
#4 C:\xampp\htdocs\suratci\app\Controllers\Surat_In.php(71): CodeIgniter\HTTP\Files\UploadedFile->getExtension()
#5 C:\xampp\htdocs\suratci\system\CodeIgniter.php(824): App\Controllers\Surat_In->simpan()
#6 C:\xampp\htdocs\suratci\system\CodeIgniter.php(410): CodeIgniter\CodeIgniter->runController(Object(App\Controllers\Surat_In))
#7 C:\xampp\htdocs\suratci\system\CodeIgniter.php(318): CodeIgniter\CodeIgniter->handleRequest(NULL, Object(Config\Cache), false)
#8 C:\xampp\htdocs\suratci\public\index.php(37): CodeIgniter\CodeIgniter->run()
#9 {main}
CRITICAL - 2021-12-08 00:54:50 --> mkdir(): Permission denied
#0 [internal function]: CodeIgniter\Debug\Exceptions->errorHandler(2, 'mkdir(): Permis...', 'C:\\xampp\\htdocs...', 171)
#1 C:\xampp\htdocs\suratci\system\HTTP\Files\UploadedFile.php(171): mkdir('/xampp/tmp/ /fi...', 511, true)
#2 C:\xampp\htdocs\suratci\system\HTTP\Files\UploadedFile.php(130): CodeIgniter\HTTP\Files\UploadedFile->setPath('/xampp/tmp/ /fi...')
#3 C:\xampp\htdocs\suratci\app\Controllers\Surat_In.php(64): CodeIgniter\HTTP\Files\UploadedFile->move('/xampp/tmp/ /fi...')
#4 C:\xampp\htdocs\suratci\system\CodeIgniter.php(824): App\Controllers\Surat_In->simpan()
#5 C:\xampp\htdocs\suratci\system\CodeIgniter.php(410): CodeIgniter\CodeIgniter->runController(Object(App\Controllers\Surat_In))
#6 C:\xampp\htdocs\suratci\system\CodeIgniter.php(318): CodeIgniter\CodeIgniter->handleRequest(NULL, Object(Config\Cache), false)
#7 C:\xampp\htdocs\suratci\public\index.php(37): CodeIgniter\CodeIgniter->run()
#8 {main}
CRITICAL - 2021-12-08 00:56:45 --> mkdir(): Permission denied
#0 [internal function]: CodeIgniter\Debug\Exceptions->errorHandler(2, 'mkdir(): Permis...', 'C:\\xampp\\htdocs...', 171)
#1 C:\xampp\htdocs\suratci\system\HTTP\Files\UploadedFile.php(171): mkdir('/xampp/tmp/ /fi...', 511, true)
#2 C:\xampp\htdocs\suratci\system\HTTP\Files\UploadedFile.php(130): CodeIgniter\HTTP\Files\UploadedFile->setPath('/xampp/tmp/ /fi...')
#3 C:\xampp\htdocs\suratci\app\Controllers\Surat_In.php(64): CodeIgniter\HTTP\Files\UploadedFile->move('/xampp/tmp/ /fi...')
#4 C:\xampp\htdocs\suratci\system\CodeIgniter.php(824): App\Controllers\Surat_In->simpan()
#5 C:\xampp\htdocs\suratci\system\CodeIgniter.php(410): CodeIgniter\CodeIgniter->runController(Object(App\Controllers\Surat_In))
#6 C:\xampp\htdocs\suratci\system\CodeIgniter.php(318): CodeIgniter\CodeIgniter->handleRequest(NULL, Object(Config\Cache), false)
#7 C:\xampp\htdocs\suratci\public\index.php(37): CodeIgniter\CodeIgniter->run()
#8 {main}
CRITICAL - 2021-12-08 00:57:11 --> finfo_file(C:\xampp\tmp\php1132.tmp): Failed to open stream: No such file or directory
#0 [internal function]: CodeIgniter\Debug\Exceptions->errorHandler(2, 'finfo_file(C:\\x...', 'C:\\xampp\\htdocs...', 109)
#1 C:\xampp\htdocs\suratci\system\Files\File.php(109): finfo_file(Resource id #150, 'C:\\xampp\\tmp\\ph...')
#2 C:\xampp\htdocs\suratci\system\HTTP\Files\UploadedFile.php(297): CodeIgniter\Files\File->getMimeType()
#3 C:\xampp\htdocs\suratci\system\HTTP\Files\UploadedFile.php(286): CodeIgniter\HTTP\Files\UploadedFile->guessExtension()
#4 C:\xampp\htdocs\suratci\app\Controllers\Surat_In.php(71): CodeIgniter\HTTP\Files\UploadedFile->getExtension()
#5 C:\xampp\htdocs\suratci\system\CodeIgniter.php(824): App\Controllers\Surat_In->simpan()
#6 C:\xampp\htdocs\suratci\system\CodeIgniter.php(410): CodeIgniter\CodeIgniter->runController(Object(App\Controllers\Surat_In))
#7 C:\xampp\htdocs\suratci\system\CodeIgniter.php(318): CodeIgniter\CodeIgniter->handleRequest(NULL, Object(Config\Cache), false)
#8 C:\xampp\htdocs\suratci\public\index.php(37): CodeIgniter\CodeIgniter->run()
#9 {main}
CRITICAL - 2021-12-08 00:58:45 --> finfo_file(C:\xampp\tmp\php81FA.tmp): Failed to open stream: No such file or directory
#0 [internal function]: CodeIgniter\Debug\Exceptions->errorHandler(2, 'finfo_file(C:\\x...', 'C:\\xampp\\htdocs...', 109)
#1 C:\xampp\htdocs\suratci\system\Files\File.php(109): finfo_file(Resource id #150, 'C:\\xampp\\tmp\\ph...')
#2 C:\xampp\htdocs\suratci\system\HTTP\Files\UploadedFile.php(297): CodeIgniter\Files\File->getMimeType()
#3 C:\xampp\htdocs\suratci\system\HTTP\Files\UploadedFile.php(286): CodeIgniter\HTTP\Files\UploadedFile->guessExtension()
#4 C:\xampp\htdocs\suratci\app\Controllers\Surat_In.php(74): CodeIgniter\HTTP\Files\UploadedFile->getExtension()
#5 C:\xampp\htdocs\suratci\system\CodeIgniter.php(824): App\Controllers\Surat_In->simpan()
#6 C:\xampp\htdocs\suratci\system\CodeIgniter.php(410): CodeIgniter\CodeIgniter->runController(Object(App\Controllers\Surat_In))
#7 C:\xampp\htdocs\suratci\system\CodeIgniter.php(318): CodeIgniter\CodeIgniter->handleRequest(NULL, Object(Config\Cache), false)
#8 C:\xampp\htdocs\suratci\public\index.php(37): CodeIgniter\CodeIgniter->run()
#9 {main}
CRITICAL - 2021-12-08 00:58:47 --> finfo_file(C:\xampp\tmp\php8883.tmp): Failed to open stream: No such file or directory
#0 [internal function]: CodeIgniter\Debug\Exceptions->errorHandler(2, 'finfo_file(C:\\x...', 'C:\\xampp\\htdocs...', 109)
#1 C:\xampp\htdocs\suratci\system\Files\File.php(109): finfo_file(Resource id #150, 'C:\\xampp\\tmp\\ph...')
#2 C:\xampp\htdocs\suratci\system\HTTP\Files\UploadedFile.php(297): CodeIgniter\Files\File->getMimeType()
#3 C:\xampp\htdocs\suratci\system\HTTP\Files\UploadedFile.php(286): CodeIgniter\HTTP\Files\UploadedFile->guessExtension()
#4 C:\xampp\htdocs\suratci\app\Controllers\Surat_In.php(74): CodeIgniter\HTTP\Files\UploadedFile->getExtension()
#5 C:\xampp\htdocs\suratci\system\CodeIgniter.php(824): App\Controllers\Surat_In->simpan()
#6 C:\xampp\htdocs\suratci\system\CodeIgniter.php(410): CodeIgniter\CodeIgniter->runController(Object(App\Controllers\Surat_In))
#7 C:\xampp\htdocs\suratci\system\CodeIgniter.php(318): CodeIgniter\CodeIgniter->handleRequest(NULL, Object(Config\Cache), false)
#8 C:\xampp\htdocs\suratci\public\index.php(37): CodeIgniter\CodeIgniter->run()
#9 {main}
CRITICAL - 2021-12-08 22:17:21 --> There is no data to update.
#0 C:\xampp\htdocs\suratci\system\BaseModel.php(1574): CodeIgniter\Database\Exceptions\DataException::forEmptyDataset('update')
#1 C:\xampp\htdocs\suratci\system\BaseModel.php(832): CodeIgniter\BaseModel->transformDataToArray(NULL, 'update')
#2 C:\xampp\htdocs\suratci\system\Model.php(646): CodeIgniter\BaseModel->update(Array, NULL)
#3 C:\xampp\htdocs\suratci\app\Controllers\Surat_In.php(97): CodeIgniter\Model->update('$disposisi')
#4 C:\xampp\htdocs\suratci\system\CodeIgniter.php(824): App\Controllers\Surat_In->disposisi()
#5 C:\xampp\htdocs\suratci\system\CodeIgniter.php(410): CodeIgniter\CodeIgniter->runController(Object(App\Controllers\Surat_In))
#6 C:\xampp\htdocs\suratci\system\CodeIgniter.php(318): CodeIgniter\CodeIgniter->handleRequest(NULL, Object(Config\Cache), false)
#7 C:\xampp\htdocs\suratci\public\index.php(37): CodeIgniter\CodeIgniter->run()
#8 {main}
CRITICAL - 2021-12-08 22:17:50 --> There is no data to update.
#0 C:\xampp\htdocs\suratci\system\BaseModel.php(1574): CodeIgniter\Database\Exceptions\DataException::forEmptyDataset('update')
#1 C:\xampp\htdocs\suratci\system\BaseModel.php(832): CodeIgniter\BaseModel->transformDataToArray(NULL, 'update')
#2 C:\xampp\htdocs\suratci\system\Model.php(646): CodeIgniter\BaseModel->update(Array, NULL)
#3 C:\xampp\htdocs\suratci\app\Controllers\Surat_In.php(97): CodeIgniter\Model->update('agendaris')
#4 C:\xampp\htdocs\suratci\system\CodeIgniter.php(824): App\Controllers\Surat_In->disposisi()
#5 C:\xampp\htdocs\suratci\system\CodeIgniter.php(410): CodeIgniter\CodeIgniter->runController(Object(App\Controllers\Surat_In))
#6 C:\xampp\htdocs\suratci\system\CodeIgniter.php(318): CodeIgniter\CodeIgniter->handleRequest(NULL, Object(Config\Cache), false)
#7 C:\xampp\htdocs\suratci\public\index.php(37): CodeIgniter\CodeIgniter->run()
#8 {main}
CRITICAL - 2021-12-08 22:19:01 --> CodeIgniter\BaseModel::transformDataToArray(): Return value must be of type array, string returned
#0 C:\xampp\htdocs\suratci\system\BaseModel.php(832): CodeIgniter\BaseModel->transformDataToArray('agendaris', 'update')
#1 C:\xampp\htdocs\suratci\system\Model.php(646): CodeIgniter\BaseModel->update(Array, 'agendaris')
#2 C:\xampp\htdocs\suratci\app\Controllers\Surat_In.php(99): CodeIgniter\Model->update('id', 'agendaris')
#3 C:\xampp\htdocs\suratci\system\CodeIgniter.php(824): App\Controllers\Surat_In->disposisi()
#4 C:\xampp\htdocs\suratci\system\CodeIgniter.php(410): CodeIgniter\CodeIgniter->runController(Object(App\Controllers\Surat_In))
#5 C:\xampp\htdocs\suratci\system\CodeIgniter.php(318): CodeIgniter\CodeIgniter->handleRequest(NULL, Object(Config\Cache), false)
#6 C:\xampp\htdocs\suratci\public\index.php(37): CodeIgniter\CodeIgniter->run()
#7 {main}
CRITICAL - 2021-12-08 22:19:55 --> There is no data to update.
#0 C:\xampp\htdocs\suratci\system\BaseModel.php(1574): CodeIgniter\Database\Exceptions\DataException::forEmptyDataset('update')
#1 C:\xampp\htdocs\suratci\system\BaseModel.php(832): CodeIgniter\BaseModel->transformDataToArray(NULL, 'update')
#2 C:\xampp\htdocs\suratci\system\Model.php(646): CodeIgniter\BaseModel->update(Array, NULL)
#3 C:\xampp\htdocs\suratci\app\Controllers\Surat_In.php(99): CodeIgniter\Model->update(Array)
#4 C:\xampp\htdocs\suratci\system\CodeIgniter.php(824): App\Controllers\Surat_In->disposisi()
#5 C:\xampp\htdocs\suratci\system\CodeIgniter.php(410): CodeIgniter\CodeIgniter->runController(Object(App\Controllers\Surat_In))
#6 C:\xampp\htdocs\suratci\system\CodeIgniter.php(318): CodeIgniter\CodeIgniter->handleRequest(NULL, Object(Config\Cache), false)
#7 C:\xampp\htdocs\suratci\public\index.php(37): CodeIgniter\CodeIgniter->run()
#8 {main}
CRITICAL - 2021-12-08 22:23:57 --> There is no data to update.
#0 C:\xampp\htdocs\suratci\system\BaseModel.php(1574): CodeIgniter\Database\Exceptions\DataException::forEmptyDataset('update')
#1 C:\xampp\htdocs\suratci\system\BaseModel.php(832): CodeIgniter\BaseModel->transformDataToArray(NULL, 'update')
#2 C:\xampp\htdocs\suratci\system\Model.php(646): CodeIgniter\BaseModel->update(Array, NULL)
#3 C:\xampp\htdocs\suratci\app\Controllers\Surat_In.php(99): CodeIgniter\Model->update(Array)
#4 C:\xampp\htdocs\suratci\system\CodeIgniter.php(824): App\Controllers\Surat_In->disposisi()
#5 C:\xampp\htdocs\suratci\system\CodeIgniter.php(410): CodeIgniter\CodeIgniter->runController(Object(App\Controllers\Surat_In))
#6 C:\xampp\htdocs\suratci\system\CodeIgniter.php(318): CodeIgniter\CodeIgniter->handleRequest(NULL, Object(Config\Cache), false)
#7 C:\xampp\htdocs\suratci\public\index.php(37): CodeIgniter\CodeIgniter->run()
#8 {main}
CRITICAL - 2021-12-08 22:24:22 --> Array to string conversion
#0 C:\xampp\htdocs\suratci\app\Controllers\Surat_In.php(98): CodeIgniter\Debug\Exceptions->errorHandler(2, 'Array to string...', 'C:\\xampp\\htdocs...', 98)
#1 C:\xampp\htdocs\suratci\system\CodeIgniter.php(824): App\Controllers\Surat_In->disposisi()
#2 C:\xampp\htdocs\suratci\system\CodeIgniter.php(410): CodeIgniter\CodeIgniter->runController(Object(App\Controllers\Surat_In))
#3 C:\xampp\htdocs\suratci\system\CodeIgniter.php(318): CodeIgniter\CodeIgniter->handleRequest(NULL, Object(Config\Cache), false)
#4 C:\xampp\htdocs\suratci\public\index.php(37): CodeIgniter\CodeIgniter->run()
#5 {main}
CRITICAL - 2021-12-08 22:28:12 --> There is no data to update.
#0 C:\xampp\htdocs\suratci\system\BaseModel.php(1574): CodeIgniter\Database\Exceptions\DataException::forEmptyDataset('update')
#1 C:\xampp\htdocs\suratci\system\BaseModel.php(832): CodeIgniter\BaseModel->transformDataToArray(NULL, 'update')
#2 C:\xampp\htdocs\suratci\system\Model.php(646): CodeIgniter\BaseModel->update(Array, NULL)
#3 C:\xampp\htdocs\suratci\app\Controllers\Surat_In.php(101): CodeIgniter\Model->update(Array)
#4 C:\xampp\htdocs\suratci\system\CodeIgniter.php(824): App\Controllers\Surat_In->disposisi()
#5 C:\xampp\htdocs\suratci\system\CodeIgniter.php(410): CodeIgniter\CodeIgniter->runController(Object(App\Controllers\Surat_In))
#6 C:\xampp\htdocs\suratci\system\CodeIgniter.php(318): CodeIgniter\CodeIgniter->handleRequest(NULL, Object(Config\Cache), false)
#7 C:\xampp\htdocs\suratci\public\index.php(37): CodeIgniter\CodeIgniter->run()
#8 {main}
