CRITICAL - 2021-12-16 20:54:46 --> Could not move file php8665.tmp to /xampp/tmp/ ()
#0 C:\xampp\htdocs\suratci\system\HTTP\Files\UploadedFile.php(149): CodeIgniter\HTTP\Exceptions\HTTPException::forMoveFailed('php8665.tmp', '/xampp/tmp/', '')
#1 C:\xampp\htdocs\suratci\app\Controllers\Surat_In.php(130): CodeIgniter\HTTP\Files\UploadedFile->move('/xampp/tmp/', '/file/', true)
#2 C:\xampp\htdocs\suratci\system\CodeIgniter.php(824): App\Controllers\Surat_In->tambah()
#3 C:\xampp\htdocs\suratci\system\CodeIgniter.php(410): CodeIgniter\CodeIgniter->runController(Object(App\Controllers\Surat_In))
#4 C:\xampp\htdocs\suratci\system\CodeIgniter.php(318): CodeIgniter\CodeIgniter->handleRequest(NULL, Object(Config\Cache), false)
#5 C:\xampp\htdocs\suratci\public\index.php(37): CodeIgniter\CodeIgniter->run()
#6 C:\xampp\htdocs\suratci\system\Commands\Server\rewrite.php(43): require_once('C:\\xampp\\htdocs...')
#7 {main}
CRITICAL - 2021-12-16 20:55:46 --> Could not move file php7162.tmp to file/ ()
#0 C:\xampp\htdocs\suratci\system\HTTP\Files\UploadedFile.php(149): CodeIgniter\HTTP\Exceptions\HTTPException::forMoveFailed('php7162.tmp', 'file/', '')
#1 C:\xampp\htdocs\suratci\app\Controllers\Surat_In.php(130): CodeIgniter\HTTP\Files\UploadedFile->move('file/', '/', true)
#2 C:\xampp\htdocs\suratci\system\CodeIgniter.php(824): App\Controllers\Surat_In->tambah()
#3 C:\xampp\htdocs\suratci\system\CodeIgniter.php(410): CodeIgniter\CodeIgniter->runController(Object(App\Controllers\Surat_In))
#4 C:\xampp\htdocs\suratci\system\CodeIgniter.php(318): CodeIgniter\CodeIgniter->handleRequest(NULL, Object(Config\Cache), false)
#5 C:\xampp\htdocs\suratci\public\index.php(37): CodeIgniter\CodeIgniter->run()
#6 C:\xampp\htdocs\suratci\system\Commands\Server\rewrite.php(43): require_once('C:\\xampp\\htdocs...')
#7 {main}
CRITICAL - 2021-12-16 20:56:07 --> Could not move file phpC3B9.tmp to /file/ ()
#0 C:\xampp\htdocs\suratci\system\HTTP\Files\UploadedFile.php(149): CodeIgniter\HTTP\Exceptions\HTTPException::forMoveFailed('phpC3B9.tmp', '/file/', '')
#1 C:\xampp\htdocs\suratci\app\Controllers\Surat_In.php(130): CodeIgniter\HTTP\Files\UploadedFile->move('/file/', '/', true)
#2 C:\xampp\htdocs\suratci\system\CodeIgniter.php(824): App\Controllers\Surat_In->tambah()
#3 C:\xampp\htdocs\suratci\system\CodeIgniter.php(410): CodeIgniter\CodeIgniter->runController(Object(App\Controllers\Surat_In))
#4 C:\xampp\htdocs\suratci\system\CodeIgniter.php(318): CodeIgniter\CodeIgniter->handleRequest(NULL, Object(Config\Cache), false)
#5 C:\xampp\htdocs\suratci\public\index.php(37): CodeIgniter\CodeIgniter->run()
#6 C:\xampp\htdocs\suratci\system\Commands\Server\rewrite.php(43): require_once('C:\\xampp\\htdocs...')
#7 {main}
CRITICAL - 2021-12-16 20:56:34 --> fopen(http://localhost:8080/file/index.html): Failed to open stream: HTTP wrapper does not support writeable connections
#0 [internal function]: CodeIgniter\Debug\Exceptions->errorHandler(2, 'fopen(http://lo...', 'C:\\xampp\\htdocs...', 174)
#1 C:\xampp\htdocs\suratci\system\HTTP\Files\UploadedFile.php(174): fopen('http://localhos...', 'x+b')
#2 C:\xampp\htdocs\suratci\system\HTTP\Files\UploadedFile.php(130): CodeIgniter\HTTP\Files\UploadedFile->setPath('http://localhos...')
#3 C:\xampp\htdocs\suratci\app\Controllers\Surat_In.php(130): CodeIgniter\HTTP\Files\UploadedFile->move('http://localhos...', '/', true)
#4 C:\xampp\htdocs\suratci\system\CodeIgniter.php(824): App\Controllers\Surat_In->tambah()
#5 C:\xampp\htdocs\suratci\system\CodeIgniter.php(410): CodeIgniter\CodeIgniter->runController(Object(App\Controllers\Surat_In))
#6 C:\xampp\htdocs\suratci\system\CodeIgniter.php(318): CodeIgniter\CodeIgniter->handleRequest(NULL, Object(Config\Cache), false)
#7 C:\xampp\htdocs\suratci\public\index.php(37): CodeIgniter\CodeIgniter->run()
#8 C:\xampp\htdocs\suratci\system\Commands\Server\rewrite.php(43): require_once('C:\\xampp\\htdocs...')
#9 {main}
CRITICAL - 2021-12-16 20:56:46 --> fopen(http://localhost:8080/file/index.html): Failed to open stream: HTTP wrapper does not support writeable connections
#0 [internal function]: CodeIgniter\Debug\Exceptions->errorHandler(2, 'fopen(http://lo...', 'C:\\xampp\\htdocs...', 174)
#1 C:\xampp\htdocs\suratci\system\HTTP\Files\UploadedFile.php(174): fopen('http://localhos...', 'x+b')
#2 C:\xampp\htdocs\suratci\system\HTTP\Files\UploadedFile.php(130): CodeIgniter\HTTP\Files\UploadedFile->setPath('http://localhos...')
#3 C:\xampp\htdocs\suratci\app\Controllers\Surat_In.php(130): CodeIgniter\HTTP\Files\UploadedFile->move('http://localhos...', '/', true)
#4 C:\xampp\htdocs\suratci\system\CodeIgniter.php(824): App\Controllers\Surat_In->tambah()
#5 C:\xampp\htdocs\suratci\system\CodeIgniter.php(410): CodeIgniter\CodeIgniter->runController(Object(App\Controllers\Surat_In))
#6 C:\xampp\htdocs\suratci\system\CodeIgniter.php(318): CodeIgniter\CodeIgniter->handleRequest(NULL, Object(Config\Cache), false)
#7 C:\xampp\htdocs\suratci\public\index.php(37): CodeIgniter\CodeIgniter->run()
#8 C:\xampp\htdocs\suratci\system\Commands\Server\rewrite.php(43): require_once('C:\\xampp\\htdocs...')
#9 {main}
